{"/home/travis/build/npmtest/node-npmtest-highlight/test.js":{"path":"/home/travis/build/npmtest/node-npmtest-highlight/test.js","s":{"1":2,"2":2,"3":2,"4":2,"5":2,"6":2,"7":2,"8":1,"9":2,"10":2,"11":1,"12":1,"13":1,"14":1,"15":2,"16":2,"17":2,"18":2,"19":1,"20":1,"21":2,"22":2,"23":2,"24":1,"25":1,"26":1,"27":1,"28":1,"29":1,"30":1,"31":1,"32":1,"33":1,"34":1,"35":1,"36":1,"37":1,"38":1,"39":2,"40":2,"41":1,"42":2,"43":2,"44":1,"45":2,"46":2,"47":1,"48":2,"49":2,"50":1,"51":1,"52":1,"53":1,"54":1},"b":{"1":[2,1,1,1],"2":[1,1,1,1],"3":[1,1],"4":[1,1],"5":[1,1],"6":[1,1],"7":[1,1],"8":[1,1],"9":[1,1],"10":[1,1,1],"11":[1,1],"12":[1,1],"13":[1,1],"14":[1,1],"15":[1,1],"16":[1,1],"17":[1,1]},"f":{"1":2,"2":2,"3":2,"4":2,"5":2,"6":1,"7":1,"8":1,"9":2,"10":2,"11":2,"12":2,"13":1},"fnMap":{"1":{"name":"(anonymous_1)","line":12,"loc":{"start":{"line":12,"column":1},"end":{"line":12,"column":13}}},"2":{"name":"(anonymous_2)","line":19,"loc":{"start":{"line":19,"column":5},"end":{"line":19,"column":17}}},"3":{"name":"(anonymous_3)","line":23,"loc":{"start":{"line":23,"column":24},"end":{"line":23,"column":36}}},"4":{"name":"(anonymous_4)","line":61,"loc":{"start":{"line":61,"column":5},"end":{"line":61,"column":17}}},"5":{"name":"(anonymous_5)","line":82,"loc":{"start":{"line":82,"column":5},"end":{"line":82,"column":17}}},"6":{"name":"(anonymous_6)","line":91,"loc":{"start":{"line":91,"column":77},"end":{"line":94,"column":10}}},"7":{"name":"(anonymous_7)","line":112,"loc":{"start":{"line":112,"column":83},"end":{"line":115,"column":10}},"skip":true},"8":{"name":"(anonymous_8)","line":123,"loc":{"start":{"line":123,"column":77},"end":{"line":126,"column":10}},"skip":true},"9":{"name":"(anonymous_9)","line":139,"loc":{"start":{"line":139,"column":12},"end":{"line":139,"column":40}},"skip":true},"10":{"name":"(anonymous_10)","line":147,"loc":{"start":{"line":147,"column":77},"end":{"line":150,"column":10}},"skip":true},"11":{"name":"(anonymous_11)","line":158,"loc":{"start":{"line":158,"column":83},"end":{"line":161,"column":10}},"skip":true},"12":{"name":"(anonymous_12)","line":169,"loc":{"start":{"line":169,"column":79},"end":{"line":172,"column":10}},"skip":true},"13":{"name":"(anonymous_13)","line":180,"loc":{"start":{"line":180,"column":75},"end":{"line":183,"column":10}},"skip":true}},"statementMap":{"1":{"start":{"line":12,"column":0},"end":{"line":195,"column":5}},"2":{"start":{"line":14,"column":4},"end":{"line":14,"column":14}},"3":{"start":{"line":19,"column":4},"end":{"line":56,"column":9}},"4":{"start":{"line":21,"column":8},"end":{"line":21,"column":19}},"5":{"start":{"line":23,"column":8},"end":{"line":35,"column":13}},"6":{"start":{"line":24,"column":12},"end":{"line":34,"column":13}},"7":{"start":{"line":25,"column":16},"end":{"line":28,"column":30}},"8":{"start":{"line":30,"column":16},"end":{"line":33,"column":27}},"9":{"start":{"line":37,"column":8},"end":{"line":39,"column":21}},"10":{"start":{"line":40,"column":8},"end":{"line":53,"column":9}},"11":{"start":{"line":43,"column":12},"end":{"line":46,"column":14}},"12":{"start":{"line":47,"column":12},"end":{"line":47,"column":18}},"13":{"start":{"line":50,"column":12},"end":{"line":51,"column":46}},"14":{"start":{"line":52,"column":12},"end":{"line":52,"column":18}},"15":{"start":{"line":55,"column":8},"end":{"line":55,"column":35}},"16":{"start":{"line":61,"column":4},"end":{"line":63,"column":9}},"17":{"start":{"line":62,"column":8},"end":{"line":62,"column":15}},"18":{"start":{"line":64,"column":4},"end":{"line":77,"column":5}},"19":{"start":{"line":70,"column":8},"end":{"line":70,"column":14}},"20":{"start":{"line":76,"column":8},"end":{"line":76,"column":14}},"21":{"start":{"line":82,"column":4},"end":{"line":84,"column":9}},"22":{"start":{"line":83,"column":8},"end":{"line":83,"column":15}},"23":{"start":{"line":85,"column":4},"end":{"line":194,"column":5}},"24":{"start":{"line":91,"column":8},"end":{"line":99,"column":10}},"25":{"start":{"line":98,"column":12},"end":{"line":98,"column":35}},"26":{"start":{"line":102,"column":8},"end":{"line":104,"column":63}},"27":{"start":{"line":105,"column":8},"end":{"line":105,"column":14}},"28":{"start":{"line":112,"column":8},"end":{"line":121,"column":10},"skip":true},"29":{"start":{"line":119,"column":12},"end":{"line":119,"column":55},"skip":true},"30":{"start":{"line":120,"column":12},"end":{"line":120,"column":48},"skip":true},"31":{"start":{"line":123,"column":8},"end":{"line":136,"column":10},"skip":true},"32":{"start":{"line":130,"column":12},"end":{"line":130,"column":76},"skip":true},"33":{"start":{"line":131,"column":12},"end":{"line":131,"column":73},"skip":true},"34":{"start":{"line":132,"column":12},"end":{"line":132,"column":74},"skip":true},"35":{"start":{"line":133,"column":12},"end":{"line":133,"column":79},"skip":true},"36":{"start":{"line":134,"column":12},"end":{"line":134,"column":25},"skip":true},"37":{"start":{"line":135,"column":12},"end":{"line":135,"column":45},"skip":true},"38":{"start":{"line":138,"column":8},"end":{"line":145,"column":14},"skip":true},"39":{"start":{"line":143,"column":16},"end":{"line":143,"column":29},"skip":true},"40":{"start":{"line":144,"column":16},"end":{"line":144,"column":55},"skip":true},"41":{"start":{"line":147,"column":8},"end":{"line":156,"column":10},"skip":true},"42":{"start":{"line":154,"column":12},"end":{"line":154,"column":25},"skip":true},"43":{"start":{"line":155,"column":12},"end":{"line":155,"column":45},"skip":true},"44":{"start":{"line":158,"column":8},"end":{"line":167,"column":10},"skip":true},"45":{"start":{"line":165,"column":12},"end":{"line":165,"column":25},"skip":true},"46":{"start":{"line":166,"column":12},"end":{"line":166,"column":48},"skip":true},"47":{"start":{"line":169,"column":8},"end":{"line":178,"column":10},"skip":true},"48":{"start":{"line":176,"column":12},"end":{"line":176,"column":25},"skip":true},"49":{"start":{"line":177,"column":12},"end":{"line":177,"column":46},"skip":true},"50":{"start":{"line":180,"column":8},"end":{"line":189,"column":10},"skip":true},"51":{"start":{"line":187,"column":12},"end":{"line":187,"column":94},"skip":true},"52":{"start":{"line":188,"column":12},"end":{"line":188,"column":48},"skip":true},"53":{"start":{"line":192,"column":8},"end":{"line":192,"column":35},"skip":true},"54":{"start":{"line":193,"column":8},"end":{"line":193,"column":14},"skip":true}},"branchMap":{"1":{"line":25,"type":"binary-expr","locations":[{"start":{"line":25,"column":23},"end":{"line":25,"column":62}},{"start":{"line":26,"column":20},"end":{"line":26,"column":70}},{"start":{"line":27,"column":20},"end":{"line":27,"column":71}},{"start":{"line":28,"column":20},"end":{"line":28,"column":29}}]},"2":{"line":30,"type":"binary-expr","locations":[{"start":{"line":30,"column":23},"end":{"line":30,"column":37}},{"start":{"line":31,"column":20},"end":{"line":31,"column":61}},{"start":{"line":32,"column":20},"end":{"line":32,"column":70}},{"start":{"line":33,"column":20},"end":{"line":33,"column":26}}]},"3":{"line":37,"type":"cond-expr","locations":[{"start":{"line":38,"column":14},"end":{"line":38,"column":20}},{"start":{"line":39,"column":14},"end":{"line":39,"column":20}}]},"4":{"line":40,"type":"switch","locations":[{"start":{"line":42,"column":8},"end":{"line":47,"column":18}},{"start":{"line":49,"column":8},"end":{"line":52,"column":18}}]},"5":{"line":44,"type":"binary-expr","locations":[{"start":{"line":44,"column":16},"end":{"line":44,"column":44}},{"start":{"line":44,"column":48},"end":{"line":44,"column":66}}]},"6":{"line":50,"type":"binary-expr","locations":[{"start":{"line":50,"column":21},"end":{"line":50,"column":49}},{"start":{"line":50,"column":53},"end":{"line":50,"column":72}}]},"7":{"line":64,"type":"switch","locations":[{"start":{"line":69,"column":4},"end":{"line":70,"column":14}},{"start":{"line":75,"column":4},"end":{"line":76,"column":14}}]},"8":{"line":85,"type":"switch","locations":[{"start":{"line":90,"column":4},"end":{"line":105,"column":14}},{"start":{"line":111,"column":4},"end":{"line":193,"column":14},"skip":true}]},"9":{"line":91,"type":"binary-expr","locations":[{"start":{"line":91,"column":42},"end":{"line":91,"column":73}},{"start":{"line":91,"column":77},"end":{"line":99,"column":9}}]},"10":{"line":102,"type":"binary-expr","locations":[{"start":{"line":102,"column":18},"end":{"line":102,"column":32}},{"start":{"line":103,"column":12},"end":{"line":103,"column":53}},{"start":{"line":104,"column":12},"end":{"line":104,"column":61}}]},"11":{"line":112,"type":"binary-expr","locations":[{"start":{"line":112,"column":45},"end":{"line":112,"column":79},"skip":true},{"start":{"line":112,"column":83},"end":{"line":121,"column":9},"skip":true}]},"12":{"line":123,"type":"binary-expr","locations":[{"start":{"line":123,"column":42},"end":{"line":123,"column":73},"skip":true},{"start":{"line":123,"column":77},"end":{"line":136,"column":9},"skip":true}]},"13":{"line":138,"type":"binary-expr","locations":[{"start":{"line":138,"column":48},"end":{"line":138,"column":85},"skip":true},{"start":{"line":139,"column":12},"end":{"line":145,"column":13},"skip":true}]},"14":{"line":147,"type":"binary-expr","locations":[{"start":{"line":147,"column":42},"end":{"line":147,"column":73},"skip":true},{"start":{"line":147,"column":77},"end":{"line":156,"column":9},"skip":true}]},"15":{"line":158,"type":"binary-expr","locations":[{"start":{"line":158,"column":45},"end":{"line":158,"column":79},"skip":true},{"start":{"line":158,"column":83},"end":{"line":167,"column":9},"skip":true}]},"16":{"line":169,"type":"binary-expr","locations":[{"start":{"line":169,"column":43},"end":{"line":169,"column":75},"skip":true},{"start":{"line":169,"column":79},"end":{"line":178,"column":9},"skip":true}]},"17":{"line":180,"type":"binary-expr","locations":[{"start":{"line":180,"column":41},"end":{"line":180,"column":71},"skip":true},{"start":{"line":180,"column":75},"end":{"line":189,"column":9},"skip":true}]}},"code":["/* istanbul instrument in package npmtest_highlight */","/*jslint","    bitwise: true,","    browser: true,","    maxerr: 8,","    maxlen: 96,","    node: true,","    nomen: true,","    regexp: true,","    stupid: true","*/","(function () {","    'use strict';","    var local;","","","","    // run shared js-env code - pre-init","    (function () {","        // init local","        local = {};","        // init modeJs","        local.modeJs = (function () {","            try {","                return typeof navigator.userAgent === 'string' &&","                    typeof document.querySelector('body') === 'object' &&","                    typeof XMLHttpRequest.prototype.open === 'function' &&","                    'browser';","            } catch (errorCaughtBrowser) {","                return module.exports &&","                    typeof process.versions.node === 'string' &&","                    typeof require('http').createServer === 'function' &&","                    'node';","            }","        }());","        // init global","        local.global = local.modeJs === 'browser'","            ? window","            : global;","        switch (local.modeJs) {","        // re-init local from window.local","        case 'browser':","            local = local.global.utility2.objectSetDefault(","                local.global.utility2_rollup || local.global.local,","                local.global.utility2","            );","            break;","        // re-init local from example.js","        case 'node':","            local = (local.global.utility2_rollup || require('utility2'))","                .requireExampleJsFromReadme();","            break;","        }","        // export local","        local.global.local = local;","    }());","","","","    // run shared js-env code - function","    (function () {","        return;","    }());","    switch (local.modeJs) {","","","","    // run browser js-env code - function","    case 'browser':","        break;","","","","    // run node js-env code - function","    case 'node':","        break;","    }","","","","    // run shared js-env code - post-init","    (function () {","        return;","    }());","    switch (local.modeJs) {","","","","    // run browser js-env code - post-init","    case 'browser':","        local.testCase_browser_nullCase = local.testCase_browser_nullCase || function (","            options,","            onError","        ) {","        /*","         * this function will test browsers's null-case handling-behavior-behavior","         */","            onError(null, options);","        };","","        // run tests","        local.nop(local.modeTest &&","            document.querySelector('#testRunButton1') &&","            document.querySelector('#testRunButton1').click());","        break;","","","","    // run node js-env code - post-init","    /* istanbul ignore next */","    case 'node':","        local.testCase_buildApidoc_default = local.testCase_buildApidoc_default || function (","            options,","            onError","        ) {","        /*","         * this function will test buildApidoc's default handling-behavior-behavior","         */","            options = { modulePathList: module.paths };","            local.buildApidoc(options, onError);","        };","","        local.testCase_buildApp_default = local.testCase_buildApp_default || function (","            options,","            onError","        ) {","        /*","         * this function will test buildApp's default handling-behavior-behavior","         */","            local.testCase_buildReadme_default(options, local.onErrorThrow);","            local.testCase_buildLib_default(options, local.onErrorThrow);","            local.testCase_buildTest_default(options, local.onErrorThrow);","            local.testCase_buildCustomOrg_default(options, local.onErrorThrow);","            options = [];","            local.buildApp(options, onError);","        };","","        local.testCase_buildCustomOrg_default = local.testCase_buildCustomOrg_default ||","            function (options, onError) {","            /*","             * this function will test buildCustomOrg's default handling-behavior","             */","                options = {};","                local.buildCustomOrg(options, onError);","            };","","        local.testCase_buildLib_default = local.testCase_buildLib_default || function (","            options,","            onError","        ) {","        /*","         * this function will test buildLib's default handling-behavior","         */","            options = {};","            local.buildLib(options, onError);","        };","","        local.testCase_buildReadme_default = local.testCase_buildReadme_default || function (","            options,","            onError","        ) {","        /*","         * this function will test buildReadme's default handling-behavior-behavior","         */","            options = {};","            local.buildReadme(options, onError);","        };","","        local.testCase_buildTest_default = local.testCase_buildTest_default || function (","            options,","            onError","        ) {","        /*","         * this function will test buildTest's default handling-behavior","         */","            options = {};","            local.buildTest(options, onError);","        };","","        local.testCase_webpage_default = local.testCase_webpage_default || function (","            options,","            onError","        ) {","        /*","         * this function will test webpage's default handling-behavior","         */","            options = { modeCoverageMerge: true, url: local.serverLocalHost + '?modeTest=1' };","            local.browserTest(options, onError);","        };","","        // run test-server","        local.testRunServer(local);","        break;","    }","}());",""],"l":{"12":2,"14":2,"19":2,"21":2,"23":2,"24":2,"25":2,"30":1,"37":2,"40":2,"43":1,"47":1,"50":1,"52":1,"55":2,"61":2,"62":2,"64":2,"70":1,"76":1,"82":2,"83":2,"85":2,"91":1,"98":1,"102":1,"105":1,"112":1,"119":1,"120":1,"123":1,"130":1,"131":1,"132":1,"133":1,"134":1,"135":1,"138":1,"143":2,"144":2,"147":1,"154":2,"155":2,"158":1,"165":2,"166":2,"169":1,"176":2,"177":2,"180":1,"187":1,"188":1,"192":1,"193":1}},"/home/travis/build/npmtest/node-npmtest-highlight/lib.npmtest_highlight.js":{"path":"/home/travis/build/npmtest/node-npmtest-highlight/lib.npmtest_highlight.js","s":{"1":2,"2":2,"3":2,"4":2,"5":2,"6":2,"7":2,"8":1,"9":2,"10":2,"11":2,"12":2,"13":1,"14":1,"15":1,"16":1},"b":{"1":[2,1,1,1],"2":[1,1,1,1],"3":[1,1],"4":[2,2],"5":[1,1]},"f":{"1":2,"2":2,"3":2},"fnMap":{"1":{"name":"(anonymous_1)","line":12,"loc":{"start":{"line":12,"column":1},"end":{"line":12,"column":13}}},"2":{"name":"(anonymous_2)","line":19,"loc":{"start":{"line":19,"column":5},"end":{"line":19,"column":17}}},"3":{"name":"(anonymous_3)","line":23,"loc":{"start":{"line":23,"column":24},"end":{"line":23,"column":36}}}},"statementMap":{"1":{"start":{"line":12,"column":0},"end":{"line":53,"column":5}},"2":{"start":{"line":14,"column":4},"end":{"line":14,"column":14}},"3":{"start":{"line":19,"column":4},"end":{"line":52,"column":9}},"4":{"start":{"line":21,"column":8},"end":{"line":21,"column":19}},"5":{"start":{"line":23,"column":8},"end":{"line":35,"column":13}},"6":{"start":{"line":24,"column":12},"end":{"line":34,"column":13}},"7":{"start":{"line":25,"column":16},"end":{"line":28,"column":30}},"8":{"start":{"line":30,"column":16},"end":{"line":33,"column":27}},"9":{"start":{"line":37,"column":8},"end":{"line":39,"column":21}},"10":{"start":{"line":41,"column":8},"end":{"line":41,"column":54}},"11":{"start":{"line":43,"column":8},"end":{"line":43,"column":54}},"12":{"start":{"line":45,"column":8},"end":{"line":51,"column":9}},"13":{"start":{"line":46,"column":12},"end":{"line":46,"column":60}},"14":{"start":{"line":48,"column":12},"end":{"line":48,"column":35}},"15":{"start":{"line":49,"column":12},"end":{"line":49,"column":49}},"16":{"start":{"line":50,"column":12},"end":{"line":50,"column":43}}},"branchMap":{"1":{"line":25,"type":"binary-expr","locations":[{"start":{"line":25,"column":23},"end":{"line":25,"column":62}},{"start":{"line":26,"column":20},"end":{"line":26,"column":70}},{"start":{"line":27,"column":20},"end":{"line":27,"column":71}},{"start":{"line":28,"column":20},"end":{"line":28,"column":29}}]},"2":{"line":30,"type":"binary-expr","locations":[{"start":{"line":30,"column":23},"end":{"line":30,"column":37}},{"start":{"line":31,"column":20},"end":{"line":31,"column":61}},{"start":{"line":32,"column":20},"end":{"line":32,"column":70}},{"start":{"line":33,"column":20},"end":{"line":33,"column":26}}]},"3":{"line":37,"type":"cond-expr","locations":[{"start":{"line":38,"column":14},"end":{"line":38,"column":20}},{"start":{"line":39,"column":14},"end":{"line":39,"column":20}}]},"4":{"line":41,"type":"binary-expr","locations":[{"start":{"line":41,"column":16},"end":{"line":41,"column":44}},{"start":{"line":41,"column":48},"end":{"line":41,"column":53}}]},"5":{"line":45,"type":"if","locations":[{"start":{"line":45,"column":8},"end":{"line":45,"column":8}},{"start":{"line":45,"column":8},"end":{"line":45,"column":8}}]}},"code":["/* istanbul instrument in package npmtest_highlight */","/*jslint","    bitwise: true,","    browser: true,","    maxerr: 8,","    maxlen: 96,","    node: true,","    nomen: true,","    regexp: true,","    stupid: true","*/","(function () {","    'use strict';","    var local;","","","","    // run shared js-env code - pre-init","    (function () {","        // init local","        local = {};","        // init modeJs","        local.modeJs = (function () {","            try {","                return typeof navigator.userAgent === 'string' &&","                    typeof document.querySelector('body') === 'object' &&","                    typeof XMLHttpRequest.prototype.open === 'function' &&","                    'browser';","            } catch (errorCaughtBrowser) {","                return module.exports &&","                    typeof process.versions.node === 'string' &&","                    typeof require('http').createServer === 'function' &&","                    'node';","            }","        }());","        // init global","        local.global = local.modeJs === 'browser'","            ? window","            : global;","        // init utility2_rollup","        local = local.global.utility2_rollup || local;","        // init lib","        local.local = local.npmtest_highlight = local;","        // init exports","        if (local.modeJs === 'browser') {","            local.global.utility2_npmtest_highlight = local;","        } else {","            module.exports = local;","            module.exports.__dirname = __dirname;","            module.exports.module = module;","        }","    }());","}());",""],"l":{"12":2,"14":2,"19":2,"21":2,"23":2,"24":2,"25":2,"30":1,"37":2,"41":2,"43":2,"45":2,"46":1,"48":1,"49":1,"50":1}},"/home/travis/build/npmtest/node-npmtest-highlight/example.js":{"path":"/home/travis/build/npmtest/node-npmtest-highlight/example.js","s":{"1":2,"2":2,"3":2,"4":2,"5":2,"6":2,"7":2,"8":1,"9":2,"10":2,"11":2,"12":2,"13":1,"14":2,"15":2,"16":2,"17":2,"18":2,"19":0,"20":2,"21":1,"22":1,"23":1,"24":1,"25":1,"26":0,"27":0,"28":1,"29":1,"30":2,"31":0,"32":0,"33":0,"34":1,"35":2,"36":2,"37":3,"38":3,"39":3,"40":3,"41":0,"42":3,"43":3,"44":3,"45":1,"46":3,"47":1,"48":1,"49":1,"50":1,"51":1,"52":1,"53":1,"54":1,"55":1,"56":1,"57":0,"58":1,"59":6,"60":6,"61":1,"62":2,"63":0,"64":2,"65":1,"66":1,"67":0,"68":0,"69":0,"70":0,"71":0,"72":0,"73":0,"74":0,"75":0,"76":0,"77":0,"78":0,"79":0,"80":0,"81":0,"82":0,"83":0},"b":{"1":[2,1,1,1],"2":[1,1,1,1],"3":[1,1],"4":[2,2],"5":[1,1],"6":[1,1],"7":[2,0],"8":[2,1,1,1,1,1],"9":[0,2,0],"10":[1,1],"11":[2,1,1],"12":[1,0],"13":[0,2],"14":[2,0,0,0,0,0,0],"15":[0,3],"16":[3,0],"17":[1,1],"18":[0,1],"19":[1,2,0,2],"20":[1,0],"21":[1,1],"22":[0,0],"23":[0,0],"24":[0,0],"25":[0,0],"26":[0,0],"27":[0,0],"28":[0,0]},"f":{"1":2,"2":2,"3":2,"4":2,"5":2,"6":2,"7":3,"8":3,"9":3,"10":1,"11":6,"12":0},"fnMap":{"1":{"name":"(anonymous_1)","line":26,"loc":{"start":{"line":26,"column":1},"end":{"line":26,"column":13}}},"2":{"name":"(anonymous_2)","line":33,"loc":{"start":{"line":33,"column":5},"end":{"line":33,"column":17}}},"3":{"name":"(anonymous_3)","line":37,"loc":{"start":{"line":37,"column":24},"end":{"line":37,"column":36}}},"4":{"name":"(anonymous_4)","line":69,"loc":{"start":{"line":69,"column":31},"end":{"line":69,"column":48}},"skip":true},"5":{"name":"(anonymous_5)","line":78,"loc":{"start":{"line":78,"column":26},"end":{"line":78,"column":45}},"skip":true},"6":{"name":"(anonymous_6)","line":123,"loc":{"start":{"line":123,"column":33},"end":{"line":123,"column":48}},"skip":true},"7":{"name":"(anonymous_7)","line":125,"loc":{"start":{"line":125,"column":27},"end":{"line":125,"column":39}},"skip":true},"8":{"name":"(anonymous_8)","line":133,"loc":{"start":{"line":133,"column":59},"end":{"line":133,"column":74}},"skip":true},"9":{"name":"(anonymous_9)","line":143,"loc":{"start":{"line":143,"column":45},"end":{"line":143,"column":62}},"skip":true},"10":{"name":"(anonymous_10)","line":144,"loc":{"start":{"line":144,"column":73},"end":{"line":144,"column":92}},"skip":true},"11":{"name":"(anonymous_11)","line":272,"loc":{"start":{"line":272,"column":51},"end":{"line":272,"column":77}},"skip":true},"12":{"name":"(anonymous_12)","line":315,"loc":{"start":{"line":315,"column":32},"end":{"line":315,"column":61}},"skip":true}},"statementMap":{"1":{"start":{"line":26,"column":0},"end":{"line":326,"column":5}},"2":{"start":{"line":28,"column":4},"end":{"line":28,"column":14}},"3":{"start":{"line":33,"column":4},"end":{"line":60,"column":9}},"4":{"start":{"line":35,"column":8},"end":{"line":35,"column":19}},"5":{"start":{"line":37,"column":8},"end":{"line":49,"column":13}},"6":{"start":{"line":38,"column":12},"end":{"line":48,"column":13}},"7":{"start":{"line":39,"column":16},"end":{"line":42,"column":30}},"8":{"start":{"line":44,"column":16},"end":{"line":47,"column":27}},"9":{"start":{"line":51,"column":8},"end":{"line":53,"column":21}},"10":{"start":{"line":55,"column":8},"end":{"line":57,"column":45}},"11":{"start":{"line":59,"column":8},"end":{"line":59,"column":35}},"12":{"start":{"line":61,"column":4},"end":{"line":325,"column":5}},"13":{"start":{"line":69,"column":8},"end":{"line":121,"column":10},"skip":true},"14":{"start":{"line":70,"column":12},"end":{"line":88,"column":13},"skip":true},"15":{"start":{"line":76,"column":16},"end":{"line":87,"column":19},"skip":true},"16":{"start":{"line":79,"column":20},"end":{"line":86,"column":21},"skip":true},"17":{"start":{"line":82,"column":24},"end":{"line":82,"column":43},"skip":true},"18":{"start":{"line":83,"column":24},"end":{"line":83,"column":30},"skip":true},"19":{"start":{"line":85,"column":24},"end":{"line":85,"column":49},"skip":true},"20":{"start":{"line":89,"column":12},"end":{"line":107,"column":13},"skip":true},"21":{"start":{"line":92,"column":16},"end":{"line":102,"column":17},"skip":true},"22":{"start":{"line":93,"column":20},"end":{"line":93,"column":86},"skip":true},"23":{"start":{"line":94,"column":20},"end":{"line":95,"column":45},"skip":true},"24":{"start":{"line":96,"column":20},"end":{"line":96,"column":42},"skip":true},"25":{"start":{"line":97,"column":20},"end":{"line":97,"column":48},"skip":true},"26":{"start":{"line":100,"column":20},"end":{"line":100,"column":85},"skip":true},"27":{"start":{"line":101,"column":20},"end":{"line":101,"column":96},"skip":true},"28":{"start":{"line":103,"column":16},"end":{"line":103,"column":22},"skip":true},"29":{"start":{"line":106,"column":16},"end":{"line":106,"column":22},"skip":true},"30":{"start":{"line":108,"column":12},"end":{"line":120,"column":13},"skip":true},"31":{"start":{"line":114,"column":16},"end":{"line":119,"column":17},"skip":true},"32":{"start":{"line":116,"column":20},"end":{"line":116,"column":78},"skip":true},"33":{"start":{"line":118,"column":20},"end":{"line":118,"column":47},"skip":true},"34":{"start":{"line":123,"column":8},"end":{"line":141,"column":11},"skip":true},"35":{"start":{"line":124,"column":12},"end":{"line":124,"column":54},"skip":true},"36":{"start":{"line":125,"column":12},"end":{"line":140,"column":14},"skip":true},"37":{"start":{"line":126,"column":16},"end":{"line":126,"column":28},"skip":true},"38":{"start":{"line":127,"column":16},"end":{"line":127,"column":69},"skip":true},"39":{"start":{"line":128,"column":16},"end":{"line":128,"column":75},"skip":true},"40":{"start":{"line":129,"column":16},"end":{"line":131,"column":17},"skip":true},"41":{"start":{"line":130,"column":20},"end":{"line":130,"column":27},"skip":true},"42":{"start":{"line":133,"column":16},"end":{"line":137,"column":36},"skip":true},"43":{"start":{"line":134,"column":20},"end":{"line":136,"column":55},"skip":true},"44":{"start":{"line":139,"column":16},"end":{"line":139,"column":57},"skip":true},"45":{"start":{"line":143,"column":8},"end":{"line":147,"column":11},"skip":true},"46":{"start":{"line":144,"column":12},"end":{"line":146,"column":15},"skip":true},"47":{"start":{"line":145,"column":16},"end":{"line":145,"column":70},"skip":true},"48":{"start":{"line":149,"column":8},"end":{"line":149,"column":31},"skip":true},"49":{"start":{"line":150,"column":8},"end":{"line":150,"column":14},"skip":true},"50":{"start":{"line":158,"column":8},"end":{"line":158,"column":31},"skip":true},"51":{"start":{"line":160,"column":8},"end":{"line":160,"column":33},"skip":true},"52":{"start":{"line":161,"column":8},"end":{"line":161,"column":37},"skip":true},"53":{"start":{"line":162,"column":8},"end":{"line":162,"column":35},"skip":true},"54":{"start":{"line":164,"column":8},"end":{"line":164,"column":50},"skip":true},"55":{"start":{"line":166,"column":8},"end":{"line":256,"column":2},"skip":true},"56":{"start":{"line":258,"column":8},"end":{"line":286,"column":9},"skip":true},"57":{"start":{"line":259,"column":12},"end":{"line":269,"column":14},"skip":true},"58":{"start":{"line":271,"column":12},"end":{"line":285,"column":19},"skip":true},"59":{"start":{"line":274,"column":20},"end":{"line":274,"column":35},"skip":true},"60":{"start":{"line":275,"column":20},"end":{"line":284,"column":21},"skip":true},"61":{"start":{"line":277,"column":24},"end":{"line":277,"column":64},"skip":true},"62":{"start":{"line":279,"column":24},"end":{"line":279,"column":40},"skip":true},"63":{"start":{"line":281,"column":24},"end":{"line":281,"column":40},"skip":true},"64":{"start":{"line":283,"column":24},"end":{"line":283,"column":39},"skip":true},"65":{"start":{"line":288,"column":8},"end":{"line":290,"column":9},"skip":true},"66":{"start":{"line":289,"column":12},"end":{"line":289,"column":18},"skip":true},"67":{"start":{"line":291,"column":8},"end":{"line":293,"column":54},"skip":true},"68":{"start":{"line":296,"column":8},"end":{"line":301,"column":37},"skip":true},"69":{"start":{"line":303,"column":8},"end":{"line":303,"column":82},"skip":true},"70":{"start":{"line":306,"column":8},"end":{"line":308,"column":9},"skip":true},"71":{"start":{"line":307,"column":12},"end":{"line":307,"column":82},"skip":true},"72":{"start":{"line":310,"column":8},"end":{"line":312,"column":9},"skip":true},"73":{"start":{"line":311,"column":12},"end":{"line":311,"column":18},"skip":true},"74":{"start":{"line":313,"column":8},"end":{"line":313,"column":54},"skip":true},"75":{"start":{"line":314,"column":8},"end":{"line":314,"column":69},"skip":true},"76":{"start":{"line":315,"column":8},"end":{"line":323,"column":36},"skip":true},"77":{"start":{"line":316,"column":12},"end":{"line":316,"column":61},"skip":true},"78":{"start":{"line":317,"column":12},"end":{"line":320,"column":13},"skip":true},"79":{"start":{"line":318,"column":16},"end":{"line":318,"column":75},"skip":true},"80":{"start":{"line":319,"column":16},"end":{"line":319,"column":23},"skip":true},"81":{"start":{"line":321,"column":12},"end":{"line":321,"column":38},"skip":true},"82":{"start":{"line":322,"column":12},"end":{"line":322,"column":27},"skip":true},"83":{"start":{"line":324,"column":8},"end":{"line":324,"column":14},"skip":true}},"branchMap":{"1":{"line":39,"type":"binary-expr","locations":[{"start":{"line":39,"column":23},"end":{"line":39,"column":62}},{"start":{"line":40,"column":20},"end":{"line":40,"column":70}},{"start":{"line":41,"column":20},"end":{"line":41,"column":71}},{"start":{"line":42,"column":20},"end":{"line":42,"column":29}}]},"2":{"line":44,"type":"binary-expr","locations":[{"start":{"line":44,"column":23},"end":{"line":44,"column":37}},{"start":{"line":45,"column":20},"end":{"line":45,"column":61}},{"start":{"line":46,"column":20},"end":{"line":46,"column":70}},{"start":{"line":47,"column":20},"end":{"line":47,"column":26}}]},"3":{"line":51,"type":"cond-expr","locations":[{"start":{"line":52,"column":14},"end":{"line":52,"column":20}},{"start":{"line":53,"column":14},"end":{"line":53,"column":20}}]},"4":{"line":55,"type":"binary-expr","locations":[{"start":{"line":55,"column":16},"end":{"line":55,"column":44}},{"start":{"line":55,"column":49},"end":{"line":57,"column":43}}]},"5":{"line":55,"type":"cond-expr","locations":[{"start":{"line":56,"column":14},"end":{"line":56,"column":53}},{"start":{"line":57,"column":14},"end":{"line":57,"column":43}}]},"6":{"line":61,"type":"switch","locations":[{"start":{"line":68,"column":4},"end":{"line":150,"column":14},"skip":true},{"start":{"line":156,"column":4},"end":{"line":324,"column":14},"skip":true}]},"7":{"line":70,"type":"if","locations":[{"start":{"line":70,"column":12},"end":{"line":70,"column":12},"skip":true},{"start":{"line":70,"column":12},"end":{"line":70,"column":12},"skip":true}]},"8":{"line":70,"type":"binary-expr","locations":[{"start":{"line":70,"column":16},"end":{"line":70,"column":22},"skip":true},{"start":{"line":70,"column":27},"end":{"line":70,"column":32},"skip":true},{"start":{"line":71,"column":20},"end":{"line":71,"column":39},"skip":true},{"start":{"line":72,"column":20},"end":{"line":72,"column":49},"skip":true},{"start":{"line":73,"column":20},"end":{"line":73,"column":58},"skip":true},{"start":{"line":74,"column":20},"end":{"line":74,"column":69},"skip":true}]},"9":{"line":79,"type":"switch","locations":[{"start":{"line":80,"column":20},"end":{"line":80,"column":33},"skip":true},{"start":{"line":81,"column":20},"end":{"line":83,"column":30},"skip":true},{"start":{"line":84,"column":20},"end":{"line":85,"column":49},"skip":true}]},"10":{"line":89,"type":"switch","locations":[{"start":{"line":90,"column":12},"end":{"line":103,"column":22},"skip":true},{"start":{"line":105,"column":12},"end":{"line":106,"column":22},"skip":true}]},"11":{"line":89,"type":"binary-expr","locations":[{"start":{"line":89,"column":20},"end":{"line":89,"column":25},"skip":true},{"start":{"line":89,"column":29},"end":{"line":89,"column":48},"skip":true},{"start":{"line":89,"column":52},"end":{"line":89,"column":74},"skip":true}]},"12":{"line":92,"type":"if","locations":[{"start":{"line":92,"column":16},"end":{"line":92,"column":16},"skip":true},{"start":{"line":92,"column":16},"end":{"line":92,"column":16},"skip":true}]},"13":{"line":108,"type":"if","locations":[{"start":{"line":108,"column":12},"end":{"line":108,"column":12},"skip":true},{"start":{"line":108,"column":12},"end":{"line":108,"column":12},"skip":true}]},"14":{"line":108,"type":"binary-expr","locations":[{"start":{"line":108,"column":16},"end":{"line":108,"column":61},"skip":true},{"start":{"line":108,"column":66},"end":{"line":108,"column":72},"skip":true},{"start":{"line":108,"column":77},"end":{"line":108,"column":82},"skip":true},{"start":{"line":109,"column":20},"end":{"line":109,"column":39},"skip":true},{"start":{"line":110,"column":20},"end":{"line":110,"column":49},"skip":true},{"start":{"line":111,"column":20},"end":{"line":111,"column":58},"skip":true},{"start":{"line":112,"column":20},"end":{"line":112,"column":68},"skip":true}]},"15":{"line":129,"type":"if","locations":[{"start":{"line":129,"column":16},"end":{"line":129,"column":16},"skip":true},{"start":{"line":129,"column":16},"end":{"line":129,"column":16},"skip":true}]},"16":{"line":134,"type":"cond-expr","locations":[{"start":{"line":135,"column":26},"end":{"line":135,"column":29},"skip":true},{"start":{"line":136,"column":26},"end":{"line":136,"column":54},"skip":true}]},"17":{"line":164,"type":"binary-expr","locations":[{"start":{"line":164,"column":27},"end":{"line":164,"column":43},"skip":true},{"start":{"line":164,"column":47},"end":{"line":164,"column":49},"skip":true}]},"18":{"line":258,"type":"if","locations":[{"start":{"line":258,"column":8},"end":{"line":258,"column":8},"skip":true},{"start":{"line":258,"column":8},"end":{"line":258,"column":8},"skip":true}]},"19":{"line":275,"type":"switch","locations":[{"start":{"line":276,"column":20},"end":{"line":277,"column":64},"skip":true},{"start":{"line":278,"column":20},"end":{"line":279,"column":40},"skip":true},{"start":{"line":280,"column":20},"end":{"line":281,"column":40},"skip":true},{"start":{"line":282,"column":20},"end":{"line":283,"column":39},"skip":true}]},"20":{"line":288,"type":"if","locations":[{"start":{"line":288,"column":8},"end":{"line":288,"column":8},"skip":true},{"start":{"line":288,"column":8},"end":{"line":288,"column":8},"skip":true}]},"21":{"line":288,"type":"binary-expr","locations":[{"start":{"line":288,"column":12},"end":{"line":288,"column":40},"skip":true},{"start":{"line":288,"column":44},"end":{"line":288,"column":67},"skip":true}]},"22":{"line":292,"type":"binary-expr","locations":[{"start":{"line":292,"column":12},"end":{"line":292,"column":50},"skip":true},{"start":{"line":293,"column":12},"end":{"line":293,"column":53},"skip":true}]},"23":{"line":297,"type":"binary-expr","locations":[{"start":{"line":297,"column":12},"end":{"line":297,"column":67},"skip":true},{"start":{"line":298,"column":12},"end":{"line":301,"column":36},"skip":true}]},"24":{"line":303,"type":"binary-expr","locations":[{"start":{"line":303,"column":43},"end":{"line":303,"column":75},"skip":true},{"start":{"line":303,"column":79},"end":{"line":303,"column":81},"skip":true}]},"25":{"line":306,"type":"if","locations":[{"start":{"line":306,"column":8},"end":{"line":306,"column":8},"skip":true},{"start":{"line":306,"column":8},"end":{"line":306,"column":8},"skip":true}]},"26":{"line":310,"type":"if","locations":[{"start":{"line":310,"column":8},"end":{"line":310,"column":8},"skip":true},{"start":{"line":310,"column":8},"end":{"line":310,"column":8},"skip":true}]},"27":{"line":313,"type":"binary-expr","locations":[{"start":{"line":313,"column":27},"end":{"line":313,"column":43},"skip":true},{"start":{"line":313,"column":47},"end":{"line":313,"column":53},"skip":true}]},"28":{"line":317,"type":"if","locations":[{"start":{"line":317,"column":12},"end":{"line":317,"column":12},"skip":true},{"start":{"line":317,"column":12},"end":{"line":317,"column":12},"skip":true}]}},"code":["/*","example.js","","quickstart example","","instruction","    1. save this script as example.js","    2. run the shell command:","        $ npm install npmtest-highlight && PORT=8081 node example.js","    3. play with the browser-demo on http://127.0.0.1:8081","*/","","","","/* istanbul instrument in package npmtest_highlight */","/*jslint","    bitwise: true,","    browser: true,","    maxerr: 8,","    maxlen: 96,","    node: true,","    nomen: true,","    regexp: true,","    stupid: true","*/","(function () {","    'use strict';","    var local;","","","","    // run shared js-env code - pre-init","    (function () {","        // init local","        local = {};","        // init modeJs","        local.modeJs = (function () {","            try {","                return typeof navigator.userAgent === 'string' &&","                    typeof document.querySelector('body') === 'object' &&","                    typeof XMLHttpRequest.prototype.open === 'function' &&","                    'browser';","            } catch (errorCaughtBrowser) {","                return module.exports &&","                    typeof process.versions.node === 'string' &&","                    typeof require('http').createServer === 'function' &&","                    'node';","            }","        }());","        // init global","        local.global = local.modeJs === 'browser'","            ? window","            : global;","        // init utility2_rollup","        local = local.global.utility2_rollup || (local.modeJs === 'browser'","            ? local.global.utility2_npmtest_highlight","            : global.utility2_moduleExports);","        // export local","        local.global.local = local;","    }());","    switch (local.modeJs) {","","","","    // post-init","    // run browser js-env code - post-init","    /* istanbul ignore next */","    case 'browser':","        local.testRunBrowser = function (event) {","            if (!event || (event &&","                    event.currentTarget &&","                    event.currentTarget.className &&","                    event.currentTarget.className.includes &&","                    event.currentTarget.className.includes('onreset'))) {","                // reset output","                Array.from(","                    document.querySelectorAll('body > .resettable')","                ).forEach(function (element) {","                    switch (element.tagName) {","                    case 'INPUT':","                    case 'TEXTAREA':","                        element.value = '';","                        break;","                    default:","                        element.textContent = '';","                    }","                });","            }","            switch (event && event.currentTarget && event.currentTarget.id) {","            case 'testRunButton1':","                // show tests","                if (document.querySelector('#testReportDiv1').style.display === 'none') {","                    document.querySelector('#testReportDiv1').style.display = 'block';","                    document.querySelector('#testRunButton1').textContent =","                        'hide internal test';","                    local.modeTest = true;","                    local.testRunDefault(local);","                // hide tests","                } else {","                    document.querySelector('#testReportDiv1').style.display = 'none';","                    document.querySelector('#testRunButton1').textContent = 'run internal test';","                }","                break;","            // custom-case","            default:","                break;","            }","            if (document.querySelector('#inputTextareaEval1') && (!event || (event &&","                    event.currentTarget &&","                    event.currentTarget.className &&","                    event.currentTarget.className.includes &&","                    event.currentTarget.className.includes('oneval')))) {","                // try to eval input-code","                try {","                    /*jslint evil: true*/","                    eval(document.querySelector('#inputTextareaEval1').value);","                } catch (errorCaught) {","                    console.error(errorCaught);","                }","            }","        };","        // log stderr and stdout to #outputTextareaStdout1","        ['error', 'log'].forEach(function (key) {","            console[key + '_original'] = console[key];","            console[key] = function () {","                var element;","                console[key + '_original'].apply(console, arguments);","                element = document.querySelector('#outputTextareaStdout1');","                if (!element) {","                    return;","                }","                // append text to #outputTextareaStdout1","                element.value += Array.from(arguments).map(function (arg) {","                    return typeof arg === 'string'","                        ? arg","                        : JSON.stringify(arg, null, 4);","                }).join(' ') + '\\n';","                // scroll textarea to bottom","                element.scrollTop = element.scrollHeight;","            };","        });","        // init event-handling","        ['change', 'click', 'keyup'].forEach(function (event) {","            Array.from(document.querySelectorAll('.on' + event)).forEach(function (element) {","                element.addEventListener(event, local.testRunBrowser);","            });","        });","        // run tests","        local.testRunBrowser();","        break;","","","","    // run node js-env code - post-init","    /* istanbul ignore next */","    case 'node':","        // export local","        module.exports = local;","        // require modules","        local.fs = require('fs');","        local.http = require('http');","        local.url = require('url');","        // init assets","        local.assetsDict = local.assetsDict || {};","        /* jslint-ignore-begin */","        local.assetsDict['/assets.index.template.html'] = '\\","<!doctype html>\\n\\","<html lang=\"en\">\\n\\","<head>\\n\\","<meta charset=\"UTF-8\">\\n\\","<meta name=\"viewport\" content=\"width=device-width, initial-scale=1\">\\n\\","<title>{{env.npm_package_name}} (v{{env.npm_package_version}})</title>\\n\\","<style>\\n\\","/*csslint\\n\\","    box-sizing: false,\\n\\","    universal-selector: false\\n\\","*/\\n\\","* {\\n\\","    box-sizing: border-box;\\n\\","}\\n\\","body {\\n\\","    background: #dde;\\n\\","    font-family: Arial, Helvetica, sans-serif;\\n\\","    margin: 2rem;\\n\\","}\\n\\","body > * {\\n\\","    margin-bottom: 1rem;\\n\\","}\\n\\",".utility2FooterDiv {\\n\\","    margin-top: 20px;\\n\\","    text-align: center;\\n\\","}\\n\\","</style>\\n\\","<style>\\n\\","/*csslint\\n\\","*/\\n\\","textarea {\\n\\","    font-family: monospace;\\n\\","    height: 10rem;\\n\\","    width: 100%;\\n\\","}\\n\\","textarea[readonly] {\\n\\","    background: #ddd;\\n\\","}\\n\\","</style>\\n\\","</head>\\n\\","<body>\\n\\","<!-- utility2-comment\\n\\","<div id=\"ajaxProgressDiv1\" style=\"background: #d00; height: 2px; left: 0; margin: 0; padding: 0; position: fixed; top: 0; transition: background 0.5s, width 1.5s; width: 25%;\"></div>\\n\\","utility2-comment -->\\n\\","<h1>\\n\\","<!-- utility2-comment\\n\\","    <a\\n\\","        {{#if env.npm_package_homepage}}\\n\\","        href=\"{{env.npm_package_homepage}}\"\\n\\","        {{/if env.npm_package_homepage}}\\n\\","        target=\"_blank\"\\n\\","    >\\n\\","utility2-comment -->\\n\\","        {{env.npm_package_name}} (v{{env.npm_package_version}})\\n\\","<!-- utility2-comment\\n\\","    </a>\\n\\","utility2-comment -->\\n\\","</h1>\\n\\","<h3>{{env.npm_package_description}}</h3>\\n\\","<!-- utility2-comment\\n\\","<h4><a download href=\"assets.app.js\">download standalone app</a></h4>\\n\\","<button class=\"onclick onreset\" id=\"testRunButton1\">run internal test</button><br>\\n\\","<div id=\"testReportDiv1\" style=\"display: none;\"></div>\\n\\","utility2-comment -->\\n\\","\\n\\","\\n\\","\\n\\","<label>stderr and stdout</label>\\n\\","<textarea class=\"resettable\" id=\"outputTextareaStdout1\" readonly></textarea>\\n\\","<!-- utility2-comment\\n\\","{{#if isRollup}}\\n\\","<script src=\"assets.app.js\"></script>\\n\\","{{#unless isRollup}}\\n\\","utility2-comment -->\\n\\","<script src=\"assets.utility2.rollup.js\"></script>\\n\\","<script src=\"jsonp.utility2._stateInit?callback=window.utility2._stateInit\"></script>\\n\\","<script src=\"assets.npmtest_highlight.rollup.js\"></script>\\n\\","<script src=\"assets.example.js\"></script>\\n\\","<script src=\"assets.test.js\"></script>\\n\\","<!-- utility2-comment\\n\\","{{/if isRollup}}\\n\\","utility2-comment -->\\n\\","<div class=\"utility2FooterDiv\">\\n\\","    [ this app was created with\\n\\","    <a href=\"https://github.com/kaizhu256/node-utility2\" target=\"_blank\">utility2</a>\\n\\","    ]\\n\\","</div>\\n\\","</body>\\n\\","</html>\\n\\","';","        /* jslint-ignore-end */","        if (local.templateRender) {","            local.assetsDict['/'] = local.templateRender(","                local.assetsDict['/assets.index.template.html'],","                {","                    env: local.objectSetDefault(local.env, {","                        npm_package_description: 'the greatest app in the world!',","                        npm_package_name: 'my-app',","                        npm_package_nameAlias: 'my_app',","                        npm_package_version: '0.0.1'","                    })","                }","            );","        } else {","            local.assetsDict['/'] = local.assetsDict['/assets.index.template.html']","                .replace((/\\{\\{env\\.(\\w+?)\\}\\}/g), function (match0, match1) {","                    // jslint-hack","                    String(match0);","                    switch (match1) {","                    case 'npm_package_description':","                        return 'the greatest app in the world!';","                    case 'npm_package_name':","                        return 'my-app';","                    case 'npm_package_nameAlias':","                        return 'my_app';","                    case 'npm_package_version':","                        return '0.0.1';","                    }","                });","        }","        // run the cli","        if (local.global.utility2_rollup || module !== require.main) {","            break;","        }","        local.assetsDict['/assets.example.js'] =","            local.assetsDict['/assets.example.js'] ||","            local.fs.readFileSync(__filename, 'utf8');","        // bug-workaround - long $npm_package_buildCustomOrg","        /* jslint-ignore-begin */","        local.assetsDict['/assets.npmtest_highlight.rollup.js'] =","            local.assetsDict['/assets.npmtest_highlight.rollup.js'] ||","            local.fs.readFileSync(","                local.npmtest_highlight.__dirname + '/lib.npmtest_highlight.js',","                'utf8'","            ).replace((/^#!/), '//');","        /* jslint-ignore-end */","        local.assetsDict['/favicon.ico'] = local.assetsDict['/favicon.ico'] || '';","        // if $npm_config_timeout_exit exists,","        // then exit this process after $npm_config_timeout_exit ms","        if (Number(process.env.npm_config_timeout_exit)) {","            setTimeout(process.exit, Number(process.env.npm_config_timeout_exit));","        }","        // start server","        if (local.global.utility2_serverHttp1) {","            break;","        }","        process.env.PORT = process.env.PORT || '8081';","        console.error('server starting on port ' + process.env.PORT);","        local.http.createServer(function (request, response) {","            request.urlParsed = local.url.parse(request.url);","            if (local.assetsDict[request.urlParsed.pathname] !== undefined) {","                response.end(local.assetsDict[request.urlParsed.pathname]);","                return;","            }","            response.statusCode = 404;","            response.end();","        }).listen(process.env.PORT);","        break;","    }","}());",""],"l":{"26":2,"28":2,"33":2,"35":2,"37":2,"38":2,"39":2,"44":1,"51":2,"55":2,"59":2,"61":2,"69":1,"70":2,"76":2,"79":2,"82":2,"83":2,"85":1,"89":2,"92":1,"93":1,"94":1,"96":1,"97":1,"100":1,"101":1,"103":1,"106":1,"108":2,"114":1,"116":1,"118":1,"123":1,"124":2,"125":2,"126":3,"127":3,"128":3,"129":3,"130":1,"133":3,"134":3,"139":3,"143":1,"144":3,"145":1,"149":1,"150":1,"158":1,"160":1,"161":1,"162":1,"164":1,"166":1,"258":1,"259":1,"271":1,"274":6,"275":6,"277":1,"279":2,"281":1,"283":2,"288":1,"289":1,"291":1,"296":1,"303":1,"306":1,"307":1,"310":1,"311":1,"313":1,"314":1,"315":1,"316":1,"317":1,"318":1,"319":1,"321":1,"322":1,"324":1}},"/home/travis/build/npmtest/node-npmtest-highlight/node_modules/highlight/lib/highlight.js":{"path":"/home/travis/build/npmtest/node-npmtest-highlight/node_modules/highlight/lib/highlight.js","s":{"1":1,"2":1,"3":1,"4":1,"5":1,"6":40,"7":40,"8":1,"9":40,"10":40,"11":40,"12":0,"13":0,"14":0,"15":0,"16":1,"17":1,"18":0,"19":0,"20":0,"21":0,"22":1,"23":148,"24":0,"25":148,"26":2,"27":146,"28":0,"29":146,"30":88,"31":58,"32":58,"33":0,"34":1,"35":1,"36":0,"37":0,"38":0,"39":0,"40":0,"41":0,"42":0,"43":0,"44":0,"45":0,"46":0,"47":0,"48":0,"49":0,"50":0,"51":0,"52":0,"53":0,"54":0,"55":0,"56":0,"57":0,"58":0,"59":0,"60":0,"61":1,"62":0,"63":0,"64":0,"65":1,"66":0,"67":0,"68":0,"69":0,"70":0,"71":0,"72":1,"73":1,"74":1,"75":1,"76":0,"77":0,"78":1},"b":{"1":[40,0],"2":[0,1],"3":[0,148],"4":[2,146],"5":[0,146],"6":[88,58],"7":[58,0],"8":[0,0],"9":[0,0],"10":[0,0],"11":[0,0],"12":[0,0],"13":[0,0],"14":[0,0]},"f":{"1":1,"2":40,"3":40,"4":1,"5":148,"6":0,"7":0,"8":0,"9":0,"10":0,"11":0,"12":0,"13":0},"fnMap":{"1":{"name":"(anonymous_1)","line":4,"loc":{"start":{"line":4,"column":1},"end":{"line":4,"column":13}}},"2":{"name":"acceptJsFiles","line":26,"loc":{"start":{"line":26,"column":2},"end":{"line":26,"column":31}}},"3":{"name":"preRequireModules","line":32,"loc":{"start":{"line":32,"column":2},"end":{"line":32,"column":43}}},"4":{"name":"preloadLanguages","line":46,"loc":{"start":{"line":46,"column":2},"end":{"line":46,"column":42}}},"5":{"name":"(anonymous_5)","line":55,"loc":{"start":{"line":55,"column":61},"end":{"line":55,"column":77}}},"6":{"name":"loadLangs","line":81,"loc":{"start":{"line":81,"column":2},"end":{"line":81,"column":32}}},"7":{"name":"(anonymous_7)","line":94,"loc":{"start":{"line":94,"column":15},"end":{"line":94,"column":31}}},"8":{"name":"(anonymous_8)","line":116,"loc":{"start":{"line":116,"column":57},"end":{"line":116,"column":70}}},"9":{"name":"init","line":130,"loc":{"start":{"line":130,"column":2},"end":{"line":130,"column":33}}},"10":{"name":"highlight","line":147,"loc":{"start":{"line":147,"column":2},"end":{"line":147,"column":53}}},"11":{"name":"(anonymous_11)","line":154,"loc":{"start":{"line":154,"column":49},"end":{"line":154,"column":82}}},"12":{"name":"backwardsCompat","line":172,"loc":{"start":{"line":172,"column":2},"end":{"line":172,"column":29}}},"13":{"name":"(anonymous_13)","line":174,"loc":{"start":{"line":174,"column":19},"end":{"line":174,"column":31}}}},"statementMap":{"1":{"start":{"line":2,"column":0},"end":{"line":2,"column":16}},"2":{"start":{"line":4,"column":0},"end":{"line":178,"column":5}},"3":{"start":{"line":13,"column":2},"end":{"line":21,"column":5}},"4":{"start":{"line":24,"column":2},"end":{"line":24,"column":33}},"5":{"start":{"line":26,"column":2},"end":{"line":30,"column":3}},"6":{"start":{"line":27,"column":4},"end":{"line":29,"column":5}},"7":{"start":{"line":28,"column":6},"end":{"line":28,"column":18}},"8":{"start":{"line":32,"column":2},"end":{"line":43,"column":3}},"9":{"start":{"line":33,"column":4},"end":{"line":33,"column":51}},"10":{"start":{"line":35,"column":4},"end":{"line":42,"column":5}},"11":{"start":{"line":36,"column":6},"end":{"line":36,"column":62}},"12":{"start":{"line":38,"column":6},"end":{"line":38,"column":82}},"13":{"start":{"line":39,"column":6},"end":{"line":39,"column":31}},"14":{"start":{"line":40,"column":6},"end":{"line":40,"column":29}},"15":{"start":{"line":41,"column":6},"end":{"line":41,"column":13}},"16":{"start":{"line":46,"column":2},"end":{"line":79,"column":3}},"17":{"start":{"line":48,"column":4},"end":{"line":53,"column":5}},"18":{"start":{"line":49,"column":6},"end":{"line":49,"column":59}},"19":{"start":{"line":50,"column":6},"end":{"line":50,"column":33}},"20":{"start":{"line":51,"column":6},"end":{"line":51,"column":31}},"21":{"start":{"line":52,"column":6},"end":{"line":52,"column":13}},"22":{"start":{"line":55,"column":4},"end":{"line":77,"column":7}},"23":{"start":{"line":57,"column":6},"end":{"line":59,"column":7}},"24":{"start":{"line":58,"column":8},"end":{"line":58,"column":26}},"25":{"start":{"line":61,"column":6},"end":{"line":63,"column":7}},"26":{"start":{"line":62,"column":8},"end":{"line":62,"column":26}},"27":{"start":{"line":65,"column":6},"end":{"line":67,"column":7}},"28":{"start":{"line":66,"column":8},"end":{"line":66,"column":17}},"29":{"start":{"line":69,"column":6},"end":{"line":76,"column":7}},"30":{"start":{"line":70,"column":8},"end":{"line":70,"column":18}},"31":{"start":{"line":71,"column":13},"end":{"line":76,"column":7}},"32":{"start":{"line":72,"column":8},"end":{"line":72,"column":17}},"33":{"start":{"line":75,"column":8},"end":{"line":75,"column":17}},"34":{"start":{"line":78,"column":4},"end":{"line":78,"column":51}},"35":{"start":{"line":81,"column":2},"end":{"line":128,"column":3}},"36":{"start":{"line":82,"column":4},"end":{"line":83,"column":7}},"37":{"start":{"line":85,"column":4},"end":{"line":87,"column":5}},"38":{"start":{"line":86,"column":6},"end":{"line":86,"column":22}},"39":{"start":{"line":89,"column":4},"end":{"line":92,"column":5}},"40":{"start":{"line":90,"column":6},"end":{"line":90,"column":51}},"41":{"start":{"line":91,"column":6},"end":{"line":91,"column":13}},"42":{"start":{"line":94,"column":4},"end":{"line":124,"column":7}},"43":{"start":{"line":95,"column":6},"end":{"line":96,"column":9}},"44":{"start":{"line":98,"column":6},"end":{"line":100,"column":7}},"45":{"start":{"line":99,"column":8},"end":{"line":99,"column":15}},"46":{"start":{"line":102,"column":6},"end":{"line":102,"column":54}},"47":{"start":{"line":104,"column":6},"end":{"line":107,"column":7}},"48":{"start":{"line":105,"column":8},"end":{"line":105,"column":73}},"49":{"start":{"line":106,"column":8},"end":{"line":106,"column":20}},"50":{"start":{"line":109,"column":6},"end":{"line":120,"column":7}},"51":{"start":{"line":110,"column":8},"end":{"line":110,"column":41}},"52":{"start":{"line":113,"column":8},"end":{"line":113,"column":52}},"53":{"start":{"line":114,"column":8},"end":{"line":114,"column":32}},"54":{"start":{"line":115,"column":8},"end":{"line":115,"column":30}},"55":{"start":{"line":116,"column":8},"end":{"line":118,"column":11}},"56":{"start":{"line":117,"column":10},"end":{"line":117,"column":28}},"57":{"start":{"line":119,"column":8},"end":{"line":119,"column":15}},"58":{"start":{"line":122,"column":6},"end":{"line":122,"column":29}},"59":{"start":{"line":123,"column":6},"end":{"line":123,"column":43}},"60":{"start":{"line":127,"column":4},"end":{"line":127,"column":12}},"61":{"start":{"line":130,"column":2},"end":{"line":136,"column":3}},"62":{"start":{"line":131,"column":4},"end":{"line":133,"column":5}},"63":{"start":{"line":132,"column":6},"end":{"line":132,"column":42}},"64":{"start":{"line":135,"column":4},"end":{"line":135,"column":25}},"65":{"start":{"line":147,"column":2},"end":{"line":161,"column":3}},"66":{"start":{"line":148,"column":4},"end":{"line":148,"column":38}},"67":{"start":{"line":149,"column":4},"end":{"line":149,"column":45}},"68":{"start":{"line":150,"column":4},"end":{"line":160,"column":5}},"69":{"start":{"line":152,"column":6},"end":{"line":157,"column":63}},"70":{"start":{"line":155,"column":10},"end":{"line":155,"column":108}},"71":{"start":{"line":159,"column":6},"end":{"line":159,"column":50}},"72":{"start":{"line":165,"column":2},"end":{"line":165,"column":51}},"73":{"start":{"line":167,"column":2},"end":{"line":167,"column":24}},"74":{"start":{"line":168,"column":2},"end":{"line":168,"column":34}},"75":{"start":{"line":172,"column":2},"end":{"line":176,"column":3}},"76":{"start":{"line":174,"column":4},"end":{"line":174,"column":44}},"77":{"start":{"line":175,"column":4},"end":{"line":175,"column":54}},"78":{"start":{"line":177,"column":2},"end":{"line":177,"column":57}}},"branchMap":{"1":{"line":27,"type":"if","locations":[{"start":{"line":27,"column":4},"end":{"line":27,"column":4}},{"start":{"line":27,"column":4},"end":{"line":27,"column":4}}]},"2":{"line":48,"type":"if","locations":[{"start":{"line":48,"column":4},"end":{"line":48,"column":4}},{"start":{"line":48,"column":4},"end":{"line":48,"column":4}}]},"3":{"line":57,"type":"if","locations":[{"start":{"line":57,"column":6},"end":{"line":57,"column":6}},{"start":{"line":57,"column":6},"end":{"line":57,"column":6}}]},"4":{"line":61,"type":"if","locations":[{"start":{"line":61,"column":6},"end":{"line":61,"column":6}},{"start":{"line":61,"column":6},"end":{"line":61,"column":6}}]},"5":{"line":65,"type":"if","locations":[{"start":{"line":65,"column":6},"end":{"line":65,"column":6}},{"start":{"line":65,"column":6},"end":{"line":65,"column":6}}]},"6":{"line":69,"type":"if","locations":[{"start":{"line":69,"column":6},"end":{"line":69,"column":6}},{"start":{"line":69,"column":6},"end":{"line":69,"column":6}}]},"7":{"line":71,"type":"if","locations":[{"start":{"line":71,"column":13},"end":{"line":71,"column":13}},{"start":{"line":71,"column":13},"end":{"line":71,"column":13}}]},"8":{"line":85,"type":"if","locations":[{"start":{"line":85,"column":4},"end":{"line":85,"column":4}},{"start":{"line":85,"column":4},"end":{"line":85,"column":4}}]},"9":{"line":89,"type":"if","locations":[{"start":{"line":89,"column":4},"end":{"line":89,"column":4}},{"start":{"line":89,"column":4},"end":{"line":89,"column":4}}]},"10":{"line":98,"type":"if","locations":[{"start":{"line":98,"column":6},"end":{"line":98,"column":6}},{"start":{"line":98,"column":6},"end":{"line":98,"column":6}}]},"11":{"line":104,"type":"if","locations":[{"start":{"line":104,"column":6},"end":{"line":104,"column":6}},{"start":{"line":104,"column":6},"end":{"line":104,"column":6}}]},"12":{"line":131,"type":"if","locations":[{"start":{"line":131,"column":4},"end":{"line":131,"column":4}},{"start":{"line":131,"column":4},"end":{"line":131,"column":4}}]},"13":{"line":148,"type":"binary-expr","locations":[{"start":{"line":148,"column":17},"end":{"line":148,"column":27}},{"start":{"line":148,"column":31},"end":{"line":148,"column":37}}]},"14":{"line":150,"type":"if","locations":[{"start":{"line":150,"column":4},"end":{"line":150,"column":4}},{"start":{"line":150,"column":4},"end":{"line":150,"column":4}}]}},"code":["// TODO why is `this` in use at all?","var self = this;","","(function () {","  \"use strict\";","  /* node-highlight is based on highlight.js (see vendor/highlight.js)       */","  /* usage: html = require(\"highlight\").Highlight(code_string);              */","  /* NB! You also need to include a CSS file from vendor/highlight.js/styles */","","  // load syntax highlighter","  // TODO create private instances of highlighter ","  // (with fewer langs) for greater accuracy","  var Highlight = module.exports","    , fs = require('fs')","    , hljs = require('./vendor/highlight.js/highlight').hljs","    , langRelPath = \"vendor/highlight.js/languages/\"","    , langPath = __dirname + \"/\" + langRelPath","    , reEndsWithJs = /\\.js$/i","    , loadedMap = {}","    , availableMap = {}","    ;","","  // TODO this should move to init in a newer api","  Highlight.loadedLanguages = [];","","  function acceptJsFiles(lang) {","    if (lang.match(reEndsWithJs)) {","      return true;","    }","  }","","  function preRequireModules(lang, i, arr) {","    arr[i] = lang = lang.replace(reEndsWithJs, '');","","    try {","      availableMap[lang] = require('./' + langRelPath + lang);","    } catch(e) {","      console.error(\"[ERROR] could not preload language pack for '\" + lang + \"'\");","      console.error(e.message);","      console.error(e.stack);","      return;","    }","  }","","  // find languages from list of fsnodes","  function preloadLanguages(err, fsnodes) {","","    if (err) {","      console.error(\"[ERROR] langPath '\" + langPath + \"'\");","      console.error(err.message);","      console.error(err.stack);","      return;","    }","","    Highlight.languages = fsnodes.filter(acceptJsFiles).sort(function (a, b) {","      // xml must be first (others depend on it)","      if ('xml' === a) {","        return -100000000;","      }","      // django should be after xml","      if ('django.js' === a) {","        return 1000000000;","      }","      ","      if (a === b) {","        return 0;","      }","","      if (a < b) {","        return -1;","      } else if (a > b) {","        return 1;","      } else {","        // NaN vs string","        return 0;","      }","    });","    Highlight.languages.forEach(preRequireModules);","  }","","  function loadLangs(cb, langs) {","    var err","      ;","","    if ('string' === typeof langs) {","      langs = [langs];","    }","","    if (!Array.isArray(langs)) {","      cb(new Error(\"no array of languages given\"));","      return;","    }","","    langs.some(function (lang) {","      var addLangToHighlightInstance","        ;","","      if (loadedMap[lang]) {","        return;","      }","","      addLangToHighlightInstance = availableMap[lang];","","      if (!addLangToHighlightInstance) {","        err = new Error(\"No language pack available for '\" + lang + \"'\");","        return true;","      }","","      try {","        addLangToHighlightInstance(hljs);","      } catch(e) {","        // TODO fix django and html-xml","        console.warn('[WARN] failed to load', lang);","        console.warn(e.message);","        console.warn(e.stack);","        Highlight.languages = Highlight.languages.filter(function (l) {","          return l !== lang;","        });","        return;","      }","","      loadedMap[lang] = true;","      Highlight.loadedLanguages.push(lang);","    });","","    // future-proofing for async api","    cb(err);","  }","","  function init(cb, langs, opts) {","    if (!Array.isArray(langs)) {","      langs = Highlight.languages.slice();","    }","","    loadLangs(cb, langs);","  }","","  /**","   * highlight(text, tabReplace, useCodeBlocks) -> HTML","   * - text (String): text to be highlighted","   * - tabReplace (String): defaults to 4 spaces if none, replaces \\t chars","   * - useCodeBlocks (Boolean): If TRUE use only text between <code> and </code>","   *","   * Highlights program code inside a string by setting appropriate CSS class","   * elements.","   **/","  function highlight(text, tabReplace, useCodeBlocks){","    tabReplace = tabReplace || '    ';","    text = text.replace(/\\r\\n|\\r|\\n/g, '\\n'); // remove \\r","    if (!!useCodeBlocks) {","      // JS regexpes have some multiline issues, so we temporarily remove them","      return text","        .replace(/\\n/g,'\\uffff')","        .replace(/<code([^>]*)>(.*?)<\\/code>/gm, function(original, attrs, source){","          return '<code'+attrs+'>'+hljs.highlightText(source.replace(/\\uffff/g,\"\\n\"), tabReplace)+'</code>';","        })","        .replace(/&amp;(\\w+;)/g,'&$1').replace(/\\uffff/g,\"\\n\");","    } else {","      return hljs.highlightText(text, tabReplace);","    }","  }","","  //fs.readdir(langPath, preloadLanguages);","  // using readdirSync To avoid API Change","  preloadLanguages(null, fs.readdirSync(langPath));","","  Highlight.init = init;","  Highlight.highlight = highlight;","","  // Maintain current api:","  // TODO why is `this` in use at all?","  function backwardsCompat() {","    // currently synchronous","    Highlight.init(function () {}, ['php']);","    return Highlight.highlight.apply(null, arguments);","  }","  Highlight.Highlight = self.Highlight = backwardsCompat;","}());",""],"l":{"2":1,"4":1,"13":1,"24":1,"26":1,"27":40,"28":40,"32":1,"33":40,"35":40,"36":40,"38":0,"39":0,"40":0,"41":0,"46":1,"48":1,"49":0,"50":0,"51":0,"52":0,"55":1,"57":148,"58":0,"61":148,"62":2,"65":146,"66":0,"69":146,"70":88,"71":58,"72":58,"75":0,"78":1,"81":1,"82":0,"85":0,"86":0,"89":0,"90":0,"91":0,"94":0,"95":0,"98":0,"99":0,"102":0,"104":0,"105":0,"106":0,"109":0,"110":0,"113":0,"114":0,"115":0,"116":0,"117":0,"119":0,"122":0,"123":0,"127":0,"130":1,"131":0,"132":0,"135":0,"147":1,"148":0,"149":0,"150":0,"152":0,"155":0,"159":0,"165":1,"167":1,"168":1,"172":1,"174":0,"175":0,"177":1}},"/home/travis/build/npmtest/node-npmtest-highlight/node_modules/highlight/lib/vendor/highlight.js/highlight.js":{"path":"/home/travis/build/npmtest/node-npmtest-highlight/node_modules/highlight/lib/vendor/highlight.js/highlight.js","s":{"1":1,"2":1,"3":0,"4":1,"5":0,"6":1,"7":0,"8":0,"9":0,"10":0,"11":0,"12":0,"13":1,"14":0,"15":0,"16":0,"17":0,"18":0,"19":0,"20":0,"21":0,"22":0,"23":0,"24":0,"25":0,"26":0,"27":1,"28":0,"29":0,"30":0,"31":0,"32":0,"33":0,"34":1,"35":0,"36":0,"37":0,"38":0,"39":0,"40":0,"41":0,"42":0,"43":0,"44":0,"45":0,"46":0,"47":1,"48":0,"49":0,"50":0,"51":1,"52":0,"53":0,"54":0,"55":0,"56":0,"57":1,"58":0,"59":0,"60":0,"61":0,"62":0,"63":0,"64":0,"65":0,"66":0,"67":0,"68":0,"69":0,"70":0,"71":0,"72":0,"73":0,"74":0,"75":0,"76":0,"77":0,"78":0,"79":0,"80":0,"81":0,"82":0,"83":0,"84":1,"85":1,"86":0,"87":0,"88":0,"89":1,"90":0,"91":0,"92":0,"93":0,"94":0,"95":0,"96":1,"97":0,"98":1,"99":0,"100":0,"101":0,"102":0,"103":0,"104":0,"105":0,"106":0,"107":0,"108":0,"109":0,"110":1,"111":0,"112":0,"113":0,"114":0,"115":0,"116":0,"117":0,"118":0,"119":1,"120":0,"121":0,"122":0,"123":0,"124":0,"125":0,"126":0,"127":0,"128":1,"129":0,"130":0,"131":0,"132":0,"133":0,"134":0,"135":0,"136":0,"137":0,"138":0,"139":0,"140":0,"141":0,"142":0,"143":0,"144":0,"145":0,"146":1,"147":0,"148":0,"149":0,"150":0,"151":0,"152":1,"153":0,"154":0,"155":0,"156":0,"157":0,"158":0,"159":0,"160":0,"161":0,"162":0,"163":0,"164":1,"165":0,"166":0,"167":0,"168":0,"169":0,"170":0,"171":0,"172":0,"173":0,"174":0,"175":0,"176":0,"177":0,"178":0,"179":0,"180":0,"181":0,"182":0,"183":0,"184":0,"185":0,"186":0,"187":0,"188":0,"189":0,"190":0,"191":0,"192":0,"193":0,"194":0,"195":0,"196":0,"197":0,"198":0,"199":0,"200":0,"201":0,"202":0,"203":0,"204":0,"205":0,"206":0,"207":0,"208":0,"209":0,"210":0,"211":0,"212":0,"213":0,"214":0,"215":1,"216":1,"217":0,"218":0,"219":0,"220":0,"221":0,"222":0,"223":0,"224":0,"225":0,"226":0,"227":0,"228":0,"229":0,"230":0,"231":0,"232":0,"233":0,"234":0,"235":0,"236":0,"237":0,"238":0,"239":0,"240":0,"241":0,"242":0,"243":0,"244":0,"245":0,"246":0,"247":0,"248":0,"249":1,"250":0,"251":0,"252":0,"253":0,"254":1,"255":0,"256":0,"257":0,"258":0,"259":0,"260":0,"261":0,"262":0,"263":0,"264":0,"265":0,"266":0,"267":0,"268":0,"269":0,"270":0,"271":0,"272":0,"273":0,"274":0,"275":0,"276":0,"277":0,"278":0,"279":0,"280":0,"281":0,"282":0,"283":0,"284":0,"285":0,"286":0,"287":0,"288":0,"289":0,"290":0,"291":0,"292":0,"293":0,"294":0,"295":0,"296":0,"297":0,"298":0,"299":1,"300":0,"301":0,"302":0,"303":0,"304":0,"305":0,"306":0,"307":0,"308":0,"309":0,"310":0,"311":0,"312":0,"313":0,"314":0,"315":0,"316":0,"317":0,"318":0,"319":0,"320":1,"321":0,"322":0,"323":0,"324":0,"325":0,"326":0,"327":0,"328":0,"329":0,"330":1,"331":0,"332":0,"333":0,"334":0,"335":0,"336":0,"337":0,"338":0,"339":0,"340":1,"341":1,"342":1,"343":1,"344":1,"345":1,"346":1,"347":1,"348":1,"349":1,"350":1,"351":1,"352":1,"353":1,"354":1,"355":1,"356":1,"357":1,"358":1,"359":1,"360":0,"361":0,"362":0,"363":0,"364":0,"365":0,"366":0},"b":{"1":[0,0],"2":[0,0],"3":[0,0],"4":[0,0],"5":[0,0],"6":[0,0],"7":[0,0],"8":[0,0],"9":[0,0],"10":[0,0],"11":[0,0],"12":[0,0],"13":[0,0],"14":[0,0],"15":[0,0],"16":[0,0],"17":[0,0],"18":[0,0],"19":[0,0],"20":[0,0],"21":[0,0],"22":[0,0],"23":[0,0],"24":[0,0],"25":[0,0],"26":[0,0],"27":[0,0],"28":[0,0],"29":[0,0],"30":[0,0],"31":[0,0],"32":[0,0],"33":[0,0],"34":[0,0],"35":[0,0],"36":[0,0],"37":[0,0],"38":[0,0],"39":[0,0],"40":[0,0],"41":[0,0],"42":[0,0],"43":[0,0],"44":[0,0],"45":[0,0],"46":[0,0],"47":[0,0],"48":[0,0],"49":[0,0],"50":[0,0],"51":[0,0],"52":[0,0],"53":[0,0],"54":[0,0],"55":[0,0],"56":[0,0],"57":[0,0],"58":[0,0],"59":[0,0],"60":[0,0],"61":[0,0],"62":[0,0],"63":[0,0],"64":[0,0],"65":[0,0],"66":[0,0],"67":[0,0],"68":[0,0],"69":[0,0],"70":[0,0],"71":[0,0],"72":[0,0],"73":[0,0],"74":[0,0],"75":[0,0],"76":[0,0],"77":[0,0],"78":[0,0],"79":[0,0],"80":[0,0],"81":[0,0],"82":[0,0],"83":[0,0,0],"84":[0,0],"85":[0,0],"86":[0,0],"87":[0,0],"88":[0,0],"89":[0,0],"90":[0,0],"91":[0,0],"92":[0,0],"93":[0,0],"94":[0,0],"95":[0,0]},"f":{"1":1,"2":0,"3":0,"4":0,"5":0,"6":0,"7":0,"8":0,"9":0,"10":0,"11":0,"12":0,"13":0,"14":0,"15":0,"16":0,"17":0,"18":0,"19":0,"20":0,"21":0,"22":0,"23":0,"24":0,"25":0,"26":0,"27":0,"28":0,"29":0,"30":0,"31":0,"32":0,"33":0},"fnMap":{"1":{"name":"(anonymous_1)","line":6,"loc":{"start":{"line":6,"column":37},"end":{"line":6,"column":48}}},"2":{"name":"escape","line":10,"loc":{"start":{"line":10,"column":2},"end":{"line":10,"column":25}}},"3":{"name":"langRe","line":14,"loc":{"start":{"line":14,"column":2},"end":{"line":14,"column":43}}},"4":{"name":"findCode","line":21,"loc":{"start":{"line":21,"column":2},"end":{"line":21,"column":25}}},"5":{"name":"blockText","line":31,"loc":{"start":{"line":31,"column":2},"end":{"line":31,"column":44}}},"6":{"name":"blockLanguage","line":49,"loc":{"start":{"line":49,"column":2},"end":{"line":49,"column":32}}},"7":{"name":"nodeStream","line":62,"loc":{"start":{"line":62,"column":2},"end":{"line":62,"column":28}}},"8":{"name":"(anonymous_8)","line":64,"loc":{"start":{"line":64,"column":5},"end":{"line":64,"column":29}}},"9":{"name":"mergeStreams","line":89,"loc":{"start":{"line":89,"column":2},"end":{"line":89,"column":49}}},"10":{"name":"selectStream","line":94,"loc":{"start":{"line":94,"column":4},"end":{"line":94,"column":28}}},"11":{"name":"open","line":121,"loc":{"start":{"line":121,"column":4},"end":{"line":121,"column":24}}},"12":{"name":"highlight","line":160,"loc":{"start":{"line":160,"column":2},"end":{"line":160,"column":43}}},"13":{"name":"subMode","line":162,"loc":{"start":{"line":162,"column":4},"end":{"line":162,"column":34}}},"14":{"name":"endOfMode","line":170,"loc":{"start":{"line":170,"column":4},"end":{"line":170,"column":42}}},"15":{"name":"isIllegal","line":180,"loc":{"start":{"line":180,"column":4},"end":{"line":180,"column":36}}},"16":{"name":"compileTerminators","line":184,"loc":{"start":{"line":184,"column":4},"end":{"line":184,"column":48}}},"17":{"name":"eatModeChunk","line":206,"loc":{"start":{"line":206,"column":4},"end":{"line":206,"column":40}}},"18":{"name":"keywordMatch","line":219,"loc":{"start":{"line":219,"column":4},"end":{"line":219,"column":39}}},"19":{"name":"processKeywords","line":231,"loc":{"start":{"line":231,"column":4},"end":{"line":231,"column":43}}},"20":{"name":"processBuffer","line":254,"loc":{"start":{"line":254,"column":4},"end":{"line":254,"column":41}}},"21":{"name":"startNewMode","line":264,"loc":{"start":{"line":264,"column":4},"end":{"line":264,"column":39}}},"22":{"name":"processModeInfo","line":280,"loc":{"start":{"line":280,"column":4},"end":{"line":280,"column":49}}},"23":{"name":"compileModes","line":363,"loc":{"start":{"line":363,"column":2},"end":{"line":363,"column":26}}},"24":{"name":"compileMode","line":365,"loc":{"start":{"line":365,"column":4},"end":{"line":365,"column":53}}},"25":{"name":"initialize","line":412,"loc":{"start":{"line":412,"column":2},"end":{"line":412,"column":24}}},"26":{"name":"highlightBlock","line":421,"loc":{"start":{"line":421,"column":2},"end":{"line":421,"column":52}}},"27":{"name":"(anonymous_27)","line":458,"loc":{"start":{"line":458,"column":64},"end":{"line":458,"column":95}}},"28":{"name":"highlightText","line":493,"loc":{"start":{"line":493,"column":2},"end":{"line":493,"column":51}}},"29":{"name":"(anonymous_29)","line":515,"loc":{"start":{"line":515,"column":64},"end":{"line":515,"column":95}}},"30":{"name":"initHighlighting","line":525,"loc":{"start":{"line":525,"column":2},"end":{"line":525,"column":30}}},"31":{"name":"initHighlightingOnLoad","line":538,"loc":{"start":{"line":538,"column":2},"end":{"line":538,"column":36}}},"32":{"name":"(anonymous_32)","line":540,"loc":{"start":{"line":540,"column":18},"end":{"line":540,"column":28}}},"33":{"name":"(anonymous_33)","line":609,"loc":{"start":{"line":609,"column":17},"end":{"line":609,"column":39}}}},"statementMap":{"1":{"start":{"line":6,"column":0},"end":{"line":618,"column":4}},"2":{"start":{"line":10,"column":2},"end":{"line":12,"column":3}},"3":{"start":{"line":11,"column":4},"end":{"line":11,"column":64}},"4":{"start":{"line":14,"column":2},"end":{"line":19,"column":3}},"5":{"start":{"line":15,"column":4},"end":{"line":18,"column":6}},"6":{"start":{"line":21,"column":2},"end":{"line":29,"column":3}},"7":{"start":{"line":22,"column":4},"end":{"line":28,"column":5}},"8":{"start":{"line":23,"column":6},"end":{"line":23,"column":35}},"9":{"start":{"line":24,"column":6},"end":{"line":25,"column":20}},"10":{"start":{"line":25,"column":8},"end":{"line":25,"column":20}},"11":{"start":{"line":26,"column":6},"end":{"line":27,"column":14}},"12":{"start":{"line":27,"column":8},"end":{"line":27,"column":14}},"13":{"start":{"line":31,"column":2},"end":{"line":47,"column":3}},"14":{"start":{"line":32,"column":4},"end":{"line":32,"column":20}},"15":{"start":{"line":33,"column":4},"end":{"line":42,"column":49}},"16":{"start":{"line":34,"column":6},"end":{"line":42,"column":49}},"17":{"start":{"line":35,"column":8},"end":{"line":35,"column":50}},"18":{"start":{"line":36,"column":8},"end":{"line":37,"column":43}},"19":{"start":{"line":37,"column":10},"end":{"line":37,"column":43}},"20":{"start":{"line":38,"column":8},"end":{"line":38,"column":24}},"21":{"start":{"line":39,"column":13},"end":{"line":42,"column":49}},"22":{"start":{"line":40,"column":8},"end":{"line":40,"column":23}},"23":{"start":{"line":42,"column":8},"end":{"line":42,"column":49}},"24":{"start":{"line":44,"column":4},"end":{"line":45,"column":43}},"25":{"start":{"line":45,"column":6},"end":{"line":45,"column":43}},"26":{"start":{"line":46,"column":4},"end":{"line":46,"column":18}},"27":{"start":{"line":49,"column":2},"end":{"line":58,"column":3}},"28":{"start":{"line":50,"column":4},"end":{"line":50,"column":46}},"29":{"start":{"line":51,"column":4},"end":{"line":51,"column":70}},"30":{"start":{"line":52,"column":4},"end":{"line":57,"column":5}},"31":{"start":{"line":53,"column":6},"end":{"line":53,"column":56}},"32":{"start":{"line":54,"column":6},"end":{"line":56,"column":7}},"33":{"start":{"line":55,"column":8},"end":{"line":55,"column":22}},"34":{"start":{"line":62,"column":2},"end":{"line":87,"column":3}},"35":{"start":{"line":63,"column":4},"end":{"line":63,"column":20}},"36":{"start":{"line":64,"column":4},"end":{"line":85,"column":16}},"37":{"start":{"line":65,"column":6},"end":{"line":83,"column":7}},"38":{"start":{"line":66,"column":8},"end":{"line":82,"column":9}},"39":{"start":{"line":67,"column":10},"end":{"line":67,"column":56}},"40":{"start":{"line":68,"column":13},"end":{"line":82,"column":9}},"41":{"start":{"line":69,"column":10},"end":{"line":69,"column":21}},"42":{"start":{"line":71,"column":10},"end":{"line":75,"column":13}},"43":{"start":{"line":76,"column":10},"end":{"line":76,"column":63}},"44":{"start":{"line":77,"column":10},"end":{"line":81,"column":13}},"45":{"start":{"line":84,"column":6},"end":{"line":84,"column":20}},"46":{"start":{"line":86,"column":4},"end":{"line":86,"column":18}},"47":{"start":{"line":89,"column":2},"end":{"line":156,"column":3}},"48":{"start":{"line":90,"column":4},"end":{"line":90,"column":22}},"49":{"start":{"line":91,"column":4},"end":{"line":91,"column":20}},"50":{"start":{"line":92,"column":4},"end":{"line":92,"column":23}},"51":{"start":{"line":94,"column":4},"end":{"line":119,"column":5}},"52":{"start":{"line":95,"column":6},"end":{"line":118,"column":7}},"53":{"start":{"line":96,"column":8},"end":{"line":115,"column":9}},"54":{"start":{"line":97,"column":10},"end":{"line":97,"column":77}},"55":{"start":{"line":114,"column":10},"end":{"line":114,"column":65}},"56":{"start":{"line":117,"column":8},"end":{"line":117,"column":50}},"57":{"start":{"line":121,"column":4},"end":{"line":131,"column":5}},"58":{"start":{"line":122,"column":6},"end":{"line":122,"column":53}},"59":{"start":{"line":123,"column":6},"end":{"line":129,"column":7}},"60":{"start":{"line":124,"column":8},"end":{"line":124,"column":43}},"61":{"start":{"line":125,"column":8},"end":{"line":125,"column":57}},"62":{"start":{"line":126,"column":8},"end":{"line":128,"column":9}},"63":{"start":{"line":127,"column":10},"end":{"line":127,"column":61}},"64":{"start":{"line":130,"column":6},"end":{"line":130,"column":26}},"65":{"start":{"line":133,"column":4},"end":{"line":153,"column":5}},"66":{"start":{"line":134,"column":6},"end":{"line":134,"column":51}},"67":{"start":{"line":135,"column":6},"end":{"line":135,"column":76}},"68":{"start":{"line":136,"column":6},"end":{"line":136,"column":33}},"69":{"start":{"line":137,"column":6},"end":{"line":152,"column":7}},"70":{"start":{"line":138,"column":8},"end":{"line":138,"column":37}},"71":{"start":{"line":139,"column":8},"end":{"line":139,"column":37}},"72":{"start":{"line":140,"column":13},"end":{"line":152,"column":7}},"73":{"start":{"line":141,"column":8},"end":{"line":141,"column":33}},"74":{"start":{"line":142,"column":8},"end":{"line":146,"column":39}},"75":{"start":{"line":143,"column":10},"end":{"line":143,"column":14}},"76":{"start":{"line":144,"column":10},"end":{"line":144,"column":34}},"77":{"start":{"line":145,"column":10},"end":{"line":145,"column":63}},"78":{"start":{"line":147,"column":8},"end":{"line":147,"column":31}},"79":{"start":{"line":148,"column":8},"end":{"line":151,"column":9}},"80":{"start":{"line":149,"column":10},"end":{"line":149,"column":39}},"81":{"start":{"line":150,"column":10},"end":{"line":150,"column":14}},"82":{"start":{"line":154,"column":4},"end":{"line":154,"column":38}},"83":{"start":{"line":155,"column":4},"end":{"line":155,"column":18}},"84":{"start":{"line":160,"column":2},"end":{"line":359,"column":3}},"85":{"start":{"line":162,"column":4},"end":{"line":168,"column":5}},"86":{"start":{"line":163,"column":6},"end":{"line":167,"column":7}},"87":{"start":{"line":164,"column":8},"end":{"line":166,"colum
[...]
r': 2 }","    },","    contains: [","      {","        className: 'comment',","        begin: '--', end: '$'","      },","      hljs.QUOTE_STRING_MODE,","      hljs.C_NUMBER_MODE,","      {","        className: 'literal',","        begin: '\\'(U|X|0|1|Z|W|L|H|-)', end: '\\'',","        contains: [hljs.BACKSLASH_ESCAPE],","        relevance: 5","      }","    ]","  }","};","};"],"l":{"7":1,"8":0}},"/home/travis/build/npmtest/node-npmtest-highlight/node_modules/highlight/lib/vendor/highlight.js/languages/xml.js":{"path":"/home/travis/build/npmtest/node-npmtest-highlight/node_modules/highlight/lib/vendor/highlight.js/languages/xml.js","s":{"1":1,"2":0,"3":0,"4":0},"b":{},"f":{"1":0},"fnMap":{"1":{"name":"(anonymous_1)","line":5,"loc":{"start":{"line":5,"column":17},"end":{"line":5,"column":33}}}},"statementMap":{"1":{"start":{"line":5,"column":0},"end":{"line":104,"column":2}},"2":{"start":{"line":6,"column":2},"end":{"line":6,"column":42}},"3":{"start":{"line":7,"column":2},"end":{"line":37,"column":4}},"4":{"start":{"line":39,"column":2},"end":{"line":103,"column":4}}},"branchMap":{},"code":["/*","Language: HTML, XML","*/","","module.exports = function (hljs) {","  var XML_IDENT_RE = '[A-Za-z0-9\\\\._:-]+';","  var TAG_INTERNALS = {","    endsWithParent: true,","    contains: [","      {","        className: 'attribute',","        begin: XML_IDENT_RE,","        relevance: 0","      },","      {","        begin: '=\"', returnBegin: true, end: '\"',","        contains: [{","            className: 'value',","            begin: '\"', endsWithParent: true","        }]","      },","      {","        begin: '=\\'', returnBegin: true, end: '\\'',","        contains: [{","          className: 'value',","          begin: '\\'', endsWithParent: true","        }]","      },","      {","        begin: '=',","        contains: [{","          className: 'value',","          begin: '[^\\\\s/>]+'","        }]","      }","    ]","  };","","  hljs.LANGUAGES.xml = {","    case_insensitive: true,","    defaultMode: {","      contains: [","        {","          className: 'pi',","          begin: '<\\\\?', end: '\\\\?>',","          relevance: 10","        },","        {","          className: 'doctype',","          begin: '<!DOCTYPE', end: '>',","          relevance: 10,","          contains: [{begin: '\\\\[', end: '\\\\]'}]","        },","        {","          className: 'comment',","          begin: '<!--', end: '-->',","          relevance: 10","        },","        {","          className: 'cdata',","          begin: '<\\\\!\\\\[CDATA\\\\[', end: '\\\\]\\\\]>',","          relevance: 10","        },","        {","          className: 'tag',","          begin: '<style', end: '>',","          keywords: {'title': {'style': 1}},","          contains: [TAG_INTERNALS],","          starts: {","            className: 'css',","            end: '</style>', returnEnd: true,","            subLanguage: 'css'","          }","        },","        {","          className: 'tag',","          begin: '<script', end: '>',","          keywords: {'title': {'script': 1}},","          contains: [TAG_INTERNALS],","          starts: {","            className: 'javascript',","            end: '</script>', returnEnd: true,","            subLanguage: 'javascript'","          }","        },","        {","          className: 'vbscript',","          begin: '<%', end: '%>',","          subLanguage: 'vbscript'","        },","        {","          className: 'tag',","          begin: '</?', end: '/?>',","          contains: [","            {","              className: 'title', begin: '[^ />]+'","            },","            TAG_INTERNALS","          ]","        }","      ]","    }","  };","};",""],"l":{"5":1,"6":0,"7":0,"39":0}},"/home/travis/build/npmtest/node-npmtest-highlight/node_modules/highlight/lib/vendor/highlight.js/languages/django.js":{"path":"/home/travis/build/npmtest/node-npmtest-highlight/node_modules/highlight/lib/vendor/highlight.js/languages/django.js","s":{"1":1,"2":0,"3":1,"4":0,"5":1,"6":0,"7":0,"8":0,"9":0,"10":0,"11":0,"12":0,"13":0,"14":0,"15":0,"16":0,"17":0,"18":0,"19":0,"20":0},"b":{"1":[0,0,0,0],"2":[0,0],"3":[0,0],"4":[0,0],"5":[0,0]},"f":{"1":0,"2":0,"3":0,"4":0},"fnMap":{"1":{"name":"(anonymous_1)","line":5,"loc":{"start":{"line":5,"column":17},"end":{"line":5,"column":31}}},"2":{"name":"(anonymous_2)","line":6,"loc":{"start":{"line":6,"column":24},"end":{"line":6,"column":35}}},"3":{"name":"allowsDjangoSyntax","line":8,"loc":{"start":{"line":8,"column":2},"end":{"line":8,"column":44}}},"4":{"name":"copy","line":16,"loc":{"start":{"line":16,"column":2},"end":{"line":16,"column":30}}}},"statementMap":{"1":{"start":{"line":5,"column":0},"end":{"line":73,"column":2}},"2":{"start":{"line":6,"column":0},"end":{"line":72,"column":4}},"3":{"start":{"line":8,"column":2},"end":{"line":14,"column":3}},"4":{"start":{"line":9,"column":4},"end":{"line":13,"column":6}},"5":{"start":{"line":16,"column":2},"end":{"line":34,"column":3}},"6":{"start":{"line":17,"column":4},"end":{"line":17,"column":20}},"7":{"start":{"line":18,"column":4},"end":{"line":32,"column":5}},"8":{"start":{"line":19,"column":6},"end":{"line":21,"column":7}},"9":{"start":{"line":20,"column":8},"end":{"line":20,"column":32}},"10":{"start":{"line":22,"column":6},"end":{"line":22,"column":24}},"11":{"start":{"line":23,"column":6},"end":{"line":25,"column":7}},"12":{"start":{"line":24,"column":8},"end":{"line":24,"column":52}},"13":{"start":{"line":26,"column":6},"end":{"line":28,"column":7}},"14":{"start":{"line":27,"column":8},"end":{"line":27,"column":52}},"15":{"start":{"line":29,"column":6},"end":{"line":31,"column":7}},"16":{"start":{"line":30,"column":8},"end":{"line":30,"column":35}},"17":{"start":{"line":33,"column":4},"end":{"line":33,"column":18}},"18":{"start":{"line":36,"column":2},"end":{"line":43,"column":4}},"19":{"start":{"line":45,"column":2},"end":{"line":65,"column":4}},"20":{"start":{"line":67,"column":2},"end":{"line":70,"column":4}}},"branchMap":{"1":{"line":10,"type":"binary-expr","locations":[{"start":{"line":10,"column":6},"end":{"line":10,"column":25}},{"start":{"line":11,"column":7},"end":{"line":11,"column":22}},{"start":{"line":11,"column":26},"end":{"line":11,"column":51}},{"start":{"line":12,"column":6},"end":{"line":12,"column":31}}]},"2":{"line":19,"type":"if","locations":[{"start":{"line":19,"column":6},"end":{"line":19,"column":6}},{"start":{"line":19,"column":6},"end":{"line":19,"column":6}}]},"3":{"line":23,"type":"binary-expr","locations":[{"start":{"line":23,"column":22},"end":{"line":23,"column":35}},{"start":{"line":23,"column":39},"end":{"line":23,"column":63}}]},"4":{"line":26,"type":"if","locations":[{"start":{"line":26,"column":6},"end":{"line":26,"column":6}},{"start":{"line":26,"column":6},"end":{"line":26,"column":6}}]},"5":{"line":29,"type":"if","locations":[{"start":{"line":29,"column":6},"end":{"line":29,"column":6}},{"start":{"line":29,"column":6},"end":{"line":29,"column":6}}]}},"code":["/*","Language: Django","Requires: xml.js","*/","module.exports = function(hljs){","hljs.LANGUAGES.django = function() {","","  function allowsDjangoSyntax(mode, parent) {","    return (","      parent == undefined || // defaultMode","      (!mode.className && parent.className == 'tag') || // tag_internal","      mode.className == 'value' // value","    );","  }","","  function copy(mode, parent) {","    var result = {};","    for (var key in mode) {","      if (key != 'contains') {","        result[key] = mode[key];","      };","      var contains = [];","      for (var i = 0; mode.contains && i < mode.contains.length; i++) {","        contains.push(copy(mode.contains[i], mode));","      }","      if (allowsDjangoSyntax(mode, parent)) {","        contains = DJANGO_CONTAINS.concat(contains);","      }","      if (contains.length) {","        result.contains = contains;","      }","    }","    return result;","  }","","  var FILTER = {","    className: 'filter',","    begin: '\\\\|[A-Za-z]+\\\\:?', excludeEnd: true,","    keywords: {'truncatewords': 1, 'removetags': 1, 'linebreaksbr': 1, 'yesno': 1, 'get_digit': 1, 'timesince': 1, 'random': 1, 'striptags': 1, 'filesizeformat': 1, 'escape': 1, 'linebreaks': 1, 'length_is': 1, 'ljust': 1, 'rjust': 1, 'cut': 1, 'urlize': 1, 'fix_ampersands': 1, 'title': 1, 'floatformat': 1, 'capfirst': 1, 'pprint': 1, 'divisibleby': 1, 'add': 1, 'make_list': 1, 'unordered_list': 1, 'urlencode': 1, 'timeuntil': 1, 'urlizetrunc': 1, 'wordcount': 1, 'stringformat': 1, 'linenumbers': 1, 'slice': 1, 'date': 1, 'dictsort': 1, 'dictsortreversed': 1, 'default_if_none': 1, 'pluralize': 1, 'lower': 1, 'join': 1, 'center': 1, 'default': 1, 'truncatewords_html': 1, 'upper': 1, 'length': 1, 'phone2numeric': 1, 'wordwrap': 1, 'time': 1, 'addslashes': 1, 'slugify': 1, 'first': 1},","    contains: [","      {className: 'argument', begin: '\"', end: '\"'}","    ]","  };","","  var DJANGO_CONTAINS = [","    {","      className: 'template_comment',","      begin: '{%\\\\s*comment\\\\s*%}', end: '{%\\\\s*endcomment\\\\s*%}'","    },","    {","      className: 'template_comment',","      begin: '{#', end: '#}'","    },","    {","      className: 'template_tag',","      begin: '{%', end: '%}',","      keywords: {'comment': 1, 'endcomment': 1, 'load': 1, 'templatetag': 1, 'ifchanged': 1, 'endifchanged': 1, 'if': 1, 'endif': 1, 'firstof': 1, 'for': 1, 'endfor': 1, 'in': 1, 'ifnotequal': 1, 'endifnotequal': 1, 'widthratio': 1, 'extends': 1, 'include': 1, 'spaceless': 1, 'endspaceless': 1, 'regroup': 1, 'by': 1, 'as': 1, 'ifequal': 1, 'endifequal': 1, 'ssi': 1, 'now': 1, 'with': 1, 'cycle': 1, 'url': 1, 'filter': 1, 'endfilter': 1, 'debug': 1, 'block': 1, 'endblock': 1, 'else': 1},","      contains: [FILTER]","    },","    {","      className: 'variable',","      begin: '{{', end: '}}',","      contains: [FILTER]","    }","  ];","","  return {","    case_insensitive: true,","    defaultMode: copy(hljs.LANGUAGES.xml.defaultMode)","  };","","}();","};"],"l":{"5":1,"6":0,"8":1,"9":0,"16":1,"17":0,"18":0,"19":0,"20":0,"22":0,"23":0,"24":0,"26":0,"27":0,"29":0,"30":0,"33":0,"36":0,"45":0,"67":0}},"/home/travis/build/npmtest/node-npmtest-highlight/node_modules/highlight/bin/highlight-cli.js":{"path":"/home/travis/build/npmtest/node-npmtest-highlight/node_modules/highlight/bin/highlight-cli.js","s":{"1":2,"2":2,"3":2,"4":0,"5":0,"6":0,"7":0,"8":0,"9":0,"10":0,"11":0,"12":1,"13":0,"14":0,"15":0,"16":1,"17":0,"18":0,"19":0,"20":0,"21":0,"22":0,"23":0,"24":0,"25":0,"26":0,"27":0,"28":0,"29":1,"30":1,"31":0,"32":0,"33":0,"34":0,"35":0,"36":0,"37":1,"38":0,"39":0,"40":0,"41":0,"42":0,"43":0,"44":0,"45":0,"46":0,"47":0,"48":0,"49":0,"50":0},"b":{"1":[0,0],"2":[0,0],"3":[0,0],"4":[0,0],"5":[0,0],"6":[0,0],"7":[0,0],"8":[0,0],"9":[0,0]},"f":{"1":2,"2":0,"3":0,"4":0,"5":0,"6":0,"7":0,"8":0,"9":0,"10":0,"11":0},"fnMap":{"1":{"name":"(anonymous_1)","line":2,"loc":{"start":{"line":2,"column":1},"end":{"line":2,"column":13}}},"2":{"name":"printUsage","line":30,"loc":{"start":{"line":30,"column":2},"end":{"line":30,"column":24}}},"3":{"name":"handleInput","line":36,"loc":{"start":{"line":36,"column":2},"end":{"line":36,"column":34}}},"4":{"name":"(anonymous_4)","line":49,"loc":{"start":{"line":49,"column":19},"end":{"line":49,"column":34}}},"5":{"name":"readInput","line":66,"loc":{"start":{"line":66,"column":2},"end":{"line":66,"column":35}}},"6":{"name":"readFile","line":68,"loc":{"start":{"line":68,"column":4},"end":{"line":68,"column":24}}},"7":{"name":"(anonymous_7)","line":69,"loc":{"start":{"line":69,"column":36},"end":{"line":69,"column":57}}},"8":{"name":"readStdin","line":80,"loc":{"start":{"line":80,"column":4},"end":{"line":80,"column":25}}},"9":{"name":"(anonymous_9)","line":89,"loc":{"start":{"line":89,"column":32},"end":{"line":89,"column":44}}},"10":{"name":"(anonymous_10)","line":94,"loc":{"start":{"line":94,"column":23},"end":{"line":94,"column":40}}},"11":{"name":"(anonymous_11)","line":99,"loc":{"start":{"line":99,"column":22},"end":{"line":99,"column":34}}}},"statementMap":{"1":{"start":{"line":2,"column":0},"end":{"line":113,"column":5}},"2":{"start":{"line":5,"column":2},"end":{"line":12,"column":5}},"3":{"start":{"line":14,"column":2},"end":{"line":18,"column":3}},"4":{"start":{"line":15,"column":4},"end":{"line":15,"column":23}},"5":{"start":{"line":16,"column":4},"end":{"line":16,"column":21}},"6":{"start":{"line":17,"column":4},"end":{"line":17,"column":20}},"7":{"start":{"line":20,"column":2},"end":{"line":20,"column":49}},"8":{"start":{"line":22,"column":2},"end":{"line":28,"column":3}},"9":{"start":{"line":23,"column":4},"end":{"line":23,"column":63}},"10":{"start":{"line":25,"column":4},"end":{"line":27,"column":5}},"11":{"start":{"line":26,"column":6},"end":{"line":26,"column":36}},"12":{"start":{"line":30,"column":2},"end":{"line":34,"column":3}},"13":{"start":{"line":31,"column":4},"end":{"line":31,"column":28}},"14":{"start":{"line":32,"column":4},"end":{"line":32,"column":70}},"15":{"start":{"line":33,"column":4},"end":{"line":33,"column":76}},"16":{"start":{"line":36,"column":2},"end":{"line":59,"column":3}},"17":{"start":{"line":37,"column":4},"end":{"line":39,"column":7}},"18":{"start":{"line":41,"column":4},"end":{"line":44,"column":5}},"19":{"start":{"line":42,"column":6},"end":{"line":42,"column":19}},"20":{"start":{"line":43,"column":6},"end":{"line":43,"column":13}},"21":{"start":{"line":46,"column":4},"end":{"line":46,"column":50}},"22":{"start":{"line":49,"column":4},"end":{"line":58,"column":14}},"23":{"start":{"line":50,"column":6},"end":{"line":54,"column":7}},"24":{"start":{"line":51,"column":8},"end":{"line":51,"column":54}},"25":{"start":{"line":53,"column":8},"end":{"line":53,"column":15}},"26":{"start":{"line":56,"column":6},"end":{"line":56,"column":63}},"27":{"start":{"line":57,"column":6},"end":{"line":57,"column":28}},"28":{"start":{"line":61,"column":2},"end":{"line":61,"column":35}},"29":{"start":{"line":66,"column":2},"end":{"line":111,"column":3}},"30":{"start":{"line":68,"column":4},"end":{"line":78,"column":5}},"31":{"start":{"line":69,"column":6},"end":{"line":77,"column":9}},"32":{"start":{"line":70,"column":8},"end":{"line":74,"column":9}},"33":{"start":{"line":71,"column":10},"end":{"line":71,"column":74}},"34":{"start":{"line":72,"column":10},"end":{"line":72,"column":37}},"35":{"start":{"line":73,"column":10},"end":{"line":73,"column":17}},"36":{"start":{"line":76,"column":8},"end":{"line":76,"column":22}},"37":{"start":{"line":80,"column":4},"end":{"line":102,"column":5}},"38":{"start":{"line":81,"column":6},"end":{"line":84,"column":9}},"39":{"start":{"line":86,"column":6},"end":{"line":86,"column":21}},"40":{"start":{"line":89,"column":6},"end":{"line":92,"column":15}},"41":{"start":{"line":90,"column":8},"end":{"line":90,"column":39}},"42":{"start":{"line":91,"column":8},"end":{"line":91,"column":22}},"43":{"start":{"line":94,"column":6},"end":{"line":97,"column":9}},"44":{"start":{"line":95,"column":8},"end":{"line":95,"column":35}},"45":{"start":{"line":96,"column":8},"end":{"line":96,"column":22}},"46":{"start":{"line":99,"column":6},"end":{"line":101,"column":9}},"47":{"start":{"line":100,"column":8},"end":{"line":100,"column":23}},"48":{"start":{"line":104,"column":4},"end":{"line":109,"column":5}},"49":{"start":{"line":105,"column":6},"end":{"line":105,"column":17}},"50":{"start":{"line":108,"column":6},"end":{"line":108,"column":18}}},"branchMap":{"1":{"line":14,"type":"if","locations":[{"start":{"line":14,"column":2},"end":{"line":14,"column":2}},{"start":{"line":14,"column":2},"end":{"line":14,"column":2}}]},"2":{"line":20,"type":"binary-expr","locations":[{"start":{"line":20,"column":12},"end":{"line":20,"column":42}},{"start":{"line":20,"column":46},"end":{"line":20,"column":48}}]},"3":{"line":22,"type":"if","locations":[{"start":{"line":22,"column":2},"end":{"line":22,"column":2}},{"start":{"line":22,"column":2},"end":{"line":22,"column":2}}]},"4":{"line":23,"type":"binary-expr","locations":[{"start":{"line":23,"column":13},"end":{"line":23,"column":39}},{"start":{"line":23,"column":41},"end":{"line":23,"column":43}}]},"5":{"line":25,"type":"if","locations":[{"start":{"line":25,"column":4},"end":{"line":25,"column":4}},{"start":{"line":25,"column":4},"end":{"line":25,"column":4}}]},"6":{"line":41,"type":"if","locations":[{"start":{"line":41,"column":4},"end":{"line":41,"column":4}},{"start":{"line":41,"column":4},"end":{"line":41,"column":4}}]},"7":{"line":50,"type":"if","locations":[{"start":{"line":50,"column":6},"end":{"line":50,"column":6}},{"start":{"line":50,"column":6},"end":{"line":50,"column":6}}]},"8":{"line":70,"type":"if","locations":[{"start":{"line":70,"column":8},"end":{"line":70,"column":8}},{"start":{"line":70,"column":8},"end":{"line":70,"column":8}}]},"9":{"line":104,"type":"if","locations":[{"start":{"line":104,"column":4},"end":{"line":104,"column":4}},{"start":{"line":104,"column":4},"end":{"line":104,"column":4}}]}},"code":["//#!/usr/bin/env node","(function () {","  \"use strict\";","","  var fs = require('fs')","    , Highlight = require('highlight')","    //, Highlight = require('../lib/highlight')","    , filename = process.argv[2]","    , langArgIndex = 4","    , langArg","    , langs","    ;","","  if (filename.match(/--languages(=)?/)) {","    langArg = filename;","    langArgIndex = 3;","    filename = null;","  }","","  langArg = process.argv[langArgIndex - 1] || '';","","  if (langArg = langArg.match(/--languages(=(.*))?/)) {","    langs = (process.argv[langArgIndex]||'').split(/\\s*,\\s*/g);","","    if (langArg[2]) {","      langs = langArg[2].split(/,/);","    }","  }","","  function printUsage() {","    console.warn(\"Usages:\");","    console.warn(\"highlight site/docs/index.html > highlighted.html\");","    console.warn(\"cat site/docs/index.html | highlight > highlighted.html\");","  }","","  function handleInput(err, text) {","    var hlBlock","      , wrappedInHtml","      ;","","    if (err) {","      printUsage();","      return;","    }","","    wrappedInHtml = !!text.match(/<.*?code.*?>/i);","","    // TODO test if filename extension reveals code type","    Highlight.init(function (err) {","      if (err) {","        console.error('[highlight-cli]', err.message);","        //console.error(err.stack);","        return;","      }","","      hlBlock = Highlight.highlight(text, '  ', wrappedInHtml);","      console.info(hlBlock);","    }, langs);","  }","","  readInput(handleInput, filename);","","  //","  // this could (and probably should) be its own module","  //","  function readInput(cb, filename) {","","    function readFile() {","      fs.readFile(filename, 'utf8', function (err, text) {","        if (err) {","          console.error(\"[ERROR] couldn't read from '\" + filename + \"':\");","          console.error(err.message);","          return;","        }","","        cb(err, text);","      });","    }","","    function readStdin() {","      var text = ''","        , timeoutToken","        , stdin = process.stdin","        ;","      ","      stdin.resume();","","      // how to tell piping vs waiting for user input?","      timeoutToken = setTimeout(function () {","        cb(new Error('no stdin data'));","        stdin.pause();","      }, 1000);","","      stdin.on('data', function (chunk) {","        clearTimeout(timeoutToken);","        text += chunk;","      });","      ","      stdin.on('end', function () {","        cb(null, text);","      });","    }","","    if (filename) {","      readFile();","    }","    else {","      readStdin();","    }","","  }","","}());",""],"l":{"2":2,"5":2,"14":2,"15":0,"16":0,"17":0,"20":0,"22":0,"23":0,"25":0,"26":0,"30":1,"31":0,"32":0,"33":0,"36":1,"37":0,"41":0,"42":0,"43":0,"46":0,"49":0,"50":0,"51":0,"53":0,"56":0,"57":0,"61":0,"66":1,"68":1,"69":0,"70":0,"71":0,"72":0,"73":0,"76":0,"80":1,"81":0,"86":0,"89":0,"90":0,"91":0,"94":0,"95":0,"96":0,"99":0,"100":0,"104":0,"105":0,"108":0}}}